TRACE::2021-02-03.15:25:52::SCWPlatform::Trying to open the hw design at /media/cliff/procom/verilog/proj/microBase/microBase.vitis/hwBlk_wrapper/hw/hwBlk_wrapper.xsa
TRACE::2021-02-03.15:25:52::SCWPlatform::DSA given /media/cliff/procom/verilog/proj/microBase/microBase.vitis/hwBlk_wrapper/hw/hwBlk_wrapper.xsa
TRACE::2021-02-03.15:25:52::SCWPlatform::DSA absoulate path /media/cliff/procom/verilog/proj/microBase/microBase.vitis/hwBlk_wrapper/hw/hwBlk_wrapper.xsa
TRACE::2021-02-03.15:25:57::SCWPlatform::DSA directory /media/cliff/procom/verilog/proj/microBase/microBase.vitis/hwBlk_wrapper/hw
TRACE::2021-02-03.15:25:57::SCWPlatform:: Platform Path /media/cliff/procom/verilog/proj/microBase/microBase.vitis/hwBlk_wrapper/hw/hwBlk_wrapper.xsa
TRACE::2021-02-03.15:25:57::SCWPlatform:: Unique name xilinx:kc705::0.0
TRACE::2021-02-03.15:25:57::SCWPlatform::Do not have an existing db opened. 
TRACE::2021-02-03.15:25:57::SCWPlatform::Opened new HwDB with name hwBlk_wrapper_0
TRACE::2021-02-03.15:25:57::SCWWriter::formatted JSON is {
	"platformName":	"hwBlk_wrapper",
	"sprVersion":	"2.0",
	"mode":	"gui",
	"dsaType":	"Fixed",
	"platformDesc":	"hwBlk_wrapper",
	"platHandOff":	"/media/cliff/procom/verilog/proj/microBase/hwBlk_wrapper.xsa",
	"platIntHandOff":	"<platformDir>/hw/hwBlk_wrapper.xsa",
	"deviceType":	"FPGA",
	"platIsPrebuiltAutogen":	"false",
	"platIsNoBootBsp":	"false",
	"hasFsblMakeHasChanges":	"false",
	"hasPmufwMakeHasChanges":	"false",
	"platPreBuiltFlag":	false,
	"platformSamplesDir":	""
}
TRACE::2021-02-03.15:25:57::SCWWriter::formatted JSON is {
	"platformName":	"hwBlk_wrapper",
	"sprVersion":	"2.0",
	"mode":	"gui",
	"dsaType":	"Fixed",
	"platformDesc":	"hwBlk_wrapper",
	"platHandOff":	"/media/cliff/procom/verilog/proj/microBase/hwBlk_wrapper.xsa",
	"platIntHandOff":	"<platformDir>/hw/hwBlk_wrapper.xsa",
	"deviceType":	"FPGA",
	"platIsPrebuiltAutogen":	"false",
	"platIsNoBootBsp":	"false",
	"hasFsblMakeHasChanges":	"false",
	"hasPmufwMakeHasChanges":	"false",
	"platPreBuiltFlag":	false,
	"platformSamplesDir":	"",
	"platActiveSys":	"hwBlk_wrapper",
	"systems":	[{
			"systemName":	"hwBlk_wrapper",
			"systemDesc":	"hwBlk_wrapper",
			"sysIsBootAutoGen":	"true",
			"systemDispName":	"hwBlk_wrapper"
		}]
}
TRACE::2021-02-03.15:25:57::SCWPlatform::Boot application domains not present, creating them
TRACE::2021-02-03.15:25:57::SCWPlatform::Pure FPGA device, no boot application will be created.
TRACE::2021-02-03.15:25:57::SCWWriter::formatted JSON is {
	"platformName":	"hwBlk_wrapper",
	"sprVersion":	"2.0",
	"mode":	"gui",
	"dsaType":	"Fixed",
	"platformDesc":	"hwBlk_wrapper",
	"platHandOff":	"/media/cliff/procom/verilog/proj/microBase/hwBlk_wrapper.xsa",
	"platIntHandOff":	"<platformDir>/hw/hwBlk_wrapper.xsa",
	"deviceType":	"FPGA",
	"platIsPrebuiltAutogen":	"false",
	"platIsNoBootBsp":	"false",
	"hasFsblMakeHasChanges":	"false",
	"hasPmufwMakeHasChanges":	"false",
	"platPreBuiltFlag":	false,
	"platformSamplesDir":	"",
	"platActiveSys":	"hwBlk_wrapper",
	"systems":	[{
			"systemName":	"hwBlk_wrapper",
			"systemDesc":	"hwBlk_wrapper",
			"sysIsBootAutoGen":	"true",
			"systemDispName":	"hwBlk_wrapper"
		}]
}
TRACE::2021-02-03.15:25:57::SCWWriter::formatted JSON is {
	"platformName":	"hwBlk_wrapper",
	"sprVersion":	"2.0",
	"mode":	"gui",
	"dsaType":	"Fixed",
	"platformDesc":	"hwBlk_wrapper",
	"platHandOff":	"/media/cliff/procom/verilog/proj/microBase/hwBlk_wrapper.xsa",
	"platIntHandOff":	"<platformDir>/hw/hwBlk_wrapper.xsa",
	"deviceType":	"FPGA",
	"platIsPrebuiltAutogen":	"false",
	"platIsNoBootBsp":	"false",
	"hasFsblMakeHasChanges":	"false",
	"hasPmufwMakeHasChanges":	"false",
	"platPreBuiltFlag":	false,
	"platformSamplesDir":	"",
	"platActiveSys":	"hwBlk_wrapper",
	"systems":	[{
			"systemName":	"hwBlk_wrapper",
			"systemDesc":	"hwBlk_wrapper",
			"sysIsBootAutoGen":	"true",
			"systemDispName":	"hwBlk_wrapper"
		}]
}
TRACE::2021-02-03.15:25:58::SCWPlatform::Trying to open the hw design at /media/cliff/procom/verilog/proj/microBase/microBase.vitis/hwBlk_wrapper/hw/hwBlk_wrapper.xsa
TRACE::2021-02-03.15:25:58::SCWPlatform::DSA given /media/cliff/procom/verilog/proj/microBase/microBase.vitis/hwBlk_wrapper/hw/hwBlk_wrapper.xsa
TRACE::2021-02-03.15:25:58::SCWPlatform::DSA absoulate path /media/cliff/procom/verilog/proj/microBase/microBase.vitis/hwBlk_wrapper/hw/hwBlk_wrapper.xsa
TRACE::2021-02-03.15:25:58::SCWPlatform::DSA directory /media/cliff/procom/verilog/proj/microBase/microBase.vitis/hwBlk_wrapper/hw
TRACE::2021-02-03.15:25:58::SCWPlatform:: Platform Path /media/cliff/procom/verilog/proj/microBase/microBase.vitis/hwBlk_wrapper/hw/hwBlk_wrapper.xsa
TRACE::2021-02-03.15:25:58::SCWPlatform:: Unique name xilinx:kc705::0.0
TRACE::2021-02-03.15:25:58::SCWPlatform::Trying to set the existing hwdb with name hwBlk_wrapper_0
TRACE::2021-02-03.15:25:58::SCWPlatform::Opened existing hwdb hwBlk_wrapper_0
TRACE::2021-02-03.15:25:58::SCWPlatform::Found the Hw Db part of the input DSA
TRACE::2021-02-03.15:25:58::SCWDomain::checking for install qemu data   : 
TRACE::2021-02-03.15:25:58::SCWPlatform::Trying to open the hw design at /media/cliff/procom/verilog/proj/microBase/microBase.vitis/hwBlk_wrapper/hw/hwBlk_wrapper.xsa
TRACE::2021-02-03.15:25:58::SCWPlatform::DSA given /media/cliff/procom/verilog/proj/microBase/microBase.vitis/hwBlk_wrapper/hw/hwBlk_wrapper.xsa
TRACE::2021-02-03.15:25:58::SCWPlatform::DSA absoulate path /media/cliff/procom/verilog/proj/microBase/microBase.vitis/hwBlk_wrapper/hw/hwBlk_wrapper.xsa
TRACE::2021-02-03.15:25:58::SCWPlatform::DSA directory /media/cliff/procom/verilog/proj/microBase/microBase.vitis/hwBlk_wrapper/hw
TRACE::2021-02-03.15:25:58::SCWPlatform:: Platform Path /media/cliff/procom/verilog/proj/microBase/microBase.vitis/hwBlk_wrapper/hw/hwBlk_wrapper.xsa
TRACE::2021-02-03.15:25:58::SCWPlatform:: Unique name xilinx:kc705::0.0
TRACE::2021-02-03.15:25:58::SCWPlatform::Trying to set the existing hwdb with name hwBlk_wrapper_0
TRACE::2021-02-03.15:25:58::SCWPlatform::Opened existing hwdb hwBlk_wrapper_0
TRACE::2021-02-03.15:25:58::SCWPlatform::Found the Hw Db part of the input DSA
TRACE::2021-02-03.15:25:58::SCWPlatform::Trying to open the hw design at /media/cliff/procom/verilog/proj/microBase/microBase.vitis/hwBlk_wrapper/hw/hwBlk_wrapper.xsa
TRACE::2021-02-03.15:25:58::SCWPlatform::DSA given /media/cliff/procom/verilog/proj/microBase/microBase.vitis/hwBlk_wrapper/hw/hwBlk_wrapper.xsa
TRACE::2021-02-03.15:25:58::SCWPlatform::DSA absoulate path /media/cliff/procom/verilog/proj/microBase/microBase.vitis/hwBlk_wrapper/hw/hwBlk_wrapper.xsa
TRACE::2021-02-03.15:25:58::SCWPlatform::DSA directory /media/cliff/procom/verilog/proj/microBase/microBase.vitis/hwBlk_wrapper/hw
TRACE::2021-02-03.15:25:58::SCWPlatform:: Platform Path /media/cliff/procom/verilog/proj/microBase/microBase.vitis/hwBlk_wrapper/hw/hwBlk_wrapper.xsa
TRACE::2021-02-03.15:25:58::SCWPlatform:: Unique name xilinx:kc705::0.0
TRACE::2021-02-03.15:25:58::SCWPlatform::Trying to set the existing hwdb with name hwBlk_wrapper_0
TRACE::2021-02-03.15:25:58::SCWPlatform::Opened existing hwdb hwBlk_wrapper_0
TRACE::2021-02-03.15:25:58::SCWPlatform::Found the Hw Db part of the input DSA
TRACE::2021-02-03.15:25:58::SCWMssOS::Checking the sw design at  /media/cliff/procom/verilog/proj/microBase/microBase.vitis/hwBlk_wrapper/microblaze_0/standalone_domain/bsp/system.mss
TRACE::2021-02-03.15:25:58::SCWMssOS::DEBUG:  swdes dump  
TRACE::2021-02-03.15:25:58::SCWMssOS::No sw design opened at  /media/cliff/procom/verilog/proj/microBase/microBase.vitis/hwBlk_wrapper/microblaze_0/standalone_domain/bsp/system.mss
TRACE::2021-02-03.15:25:58::SCWMssOS::mss does not exists at /media/cliff/procom/verilog/proj/microBase/microBase.vitis/hwBlk_wrapper/microblaze_0/standalone_domain/bsp/system.mss
TRACE::2021-02-03.15:25:58::SCWMssOS::Creating sw design at  /media/cliff/procom/verilog/proj/microBase/microBase.vitis/hwBlk_wrapper/microblaze_0/standalone_domain/bsp/system.mss
TRACE::2021-02-03.15:25:58::SCWMssOS::Adding the swdes entry, created swdb /media/cliff/procom/verilog/proj/microBase/microBase.vitis/hwBlk_wrapper/microblaze_0/standalone_domain/bsp/system.mss with des name /media/cliff/procom/verilog/proj/microBase/microBase.vitis/hwBlk_wrapper/microblaze_0/standalone_domain/bsp/system.mss
TRACE::2021-02-03.15:25:58::SCWMssOS::updating the scw layer changes to swdes at   /media/cliff/procom/verilog/proj/microBase/microBase.vitis/hwBlk_wrapper/microblaze_0/standalone_domain/bsp/system.mss
TRACE::2021-02-03.15:25:58::SCWMssOS::Writing mss at /media/cliff/procom/verilog/proj/microBase/microBase.vitis/hwBlk_wrapper/microblaze_0/standalone_domain/bsp/system.mss
TRACE::2021-02-03.15:25:58::SCWMssOS::Completed writing the mss file at /media/cliff/procom/verilog/proj/microBase/microBase.vitis/hwBlk_wrapper/microblaze_0/standalone_domain/bsp
TRACE::2021-02-03.15:25:58::SCWMssOS::Picking up changes from newly written mss file into SCW Layer. 
TRACE::2021-02-03.15:25:58::SCWMssOS::Updated the changes from newly written mss file into SCW Layer. 
TRACE::2021-02-03.15:25:58::SCWPlatform::Trying to open the hw design at /media/cliff/procom/verilog/proj/microBase/microBase.vitis/hwBlk_wrapper/hw/hwBlk_wrapper.xsa
TRACE::2021-02-03.15:25:58::SCWPlatform::DSA given /media/cliff/procom/verilog/proj/microBase/microBase.vitis/hwBlk_wrapper/hw/hwBlk_wrapper.xsa
TRACE::2021-02-03.15:25:58::SCWPlatform::DSA absoulate path /media/cliff/procom/verilog/proj/microBase/microBase.vitis/hwBlk_wrapper/hw/hwBlk_wrapper.xsa
TRACE::2021-02-03.15:25:58::SCWPlatform::DSA directory /media/cliff/procom/verilog/proj/microBase/microBase.vitis/hwBlk_wrapper/hw
TRACE::2021-02-03.15:25:58::SCWPlatform:: Platform Path /media/cliff/procom/verilog/proj/microBase/microBase.vitis/hwBlk_wrapper/hw/hwBlk_wrapper.xsa
TRACE::2021-02-03.15:25:58::SCWPlatform:: Unique name xilinx:kc705::0.0
TRACE::2021-02-03.15:25:58::SCWPlatform::Trying to set the existing hwdb with name hwBlk_wrapper_0
TRACE::2021-02-03.15:25:58::SCWPlatform::Opened existing hwdb hwBlk_wrapper_0
TRACE::2021-02-03.15:25:58::SCWPlatform::Found the Hw Db part of the input DSA
TRACE::2021-02-03.15:25:58::SCWMssOS::Checking the sw design at  /media/cliff/procom/verilog/proj/microBase/microBase.vitis/hwBlk_wrapper/microblaze_0/standalone_domain/bsp/system.mss
TRACE::2021-02-03.15:25:58::SCWMssOS::DEBUG:  swdes dump  /media/cliff/procom/verilog/proj/microBase/microBase.vitis/hwBlk_wrapper/microblaze_0/standalone_domain/bsp/system.mss|/media/cliff/procom/verilog/proj/microBase/microBase.vitis/hwBlk_wrapper/microblaze_0/standalone_domain/bsp/system.mss||

TRACE::2021-02-03.15:25:58::SCWMssOS::Sw design exists and opened at  /media/cliff/procom/verilog/proj/microBase/microBase.vitis/hwBlk_wrapper/microblaze_0/standalone_domain/bsp/system.mss
TRACE::2021-02-03.15:25:58::SCWPlatform::Trying to open the hw design at /media/cliff/procom/verilog/proj/microBase/microBase.vitis/hwBlk_wrapper/hw/hwBlk_wrapper.xsa
TRACE::2021-02-03.15:25:58::SCWPlatform::DSA given /media/cliff/procom/verilog/proj/microBase/microBase.vitis/hwBlk_wrapper/hw/hwBlk_wrapper.xsa
TRACE::2021-02-03.15:25:58::SCWPlatform::DSA absoulate path /media/cliff/procom/verilog/proj/microBase/microBase.vitis/hwBlk_wrapper/hw/hwBlk_wrapper.xsa
TRACE::2021-02-03.15:25:58::SCWPlatform::DSA directory /media/cliff/procom/verilog/proj/microBase/microBase.vitis/hwBlk_wrapper/hw
TRACE::2021-02-03.15:25:58::SCWPlatform:: Platform Path /media/cliff/procom/verilog/proj/microBase/microBase.vitis/hwBlk_wrapper/hw/hwBlk_wrapper.xsa
TRACE::2021-02-03.15:25:58::SCWPlatform:: Unique name xilinx:kc705::0.0
TRACE::2021-02-03.15:25:58::SCWPlatform::Trying to set the existing hwdb with name hwBlk_wrapper_0
TRACE::2021-02-03.15:25:58::SCWPlatform::Opened existing hwdb hwBlk_wrapper_0
TRACE::2021-02-03.15:25:58::SCWPlatform::Found the Hw Db part of the input DSA
TRACE::2021-02-03.15:25:58::SCWMssOS::Checking the sw design at  /media/cliff/procom/verilog/proj/microBase/microBase.vitis/hwBlk_wrapper/microblaze_0/standalone_domain/bsp/system.mss
TRACE::2021-02-03.15:25:58::SCWMssOS::DEBUG:  swdes dump  /media/cliff/procom/verilog/proj/microBase/microBase.vitis/hwBlk_wrapper/microblaze_0/standalone_domain/bsp/system.mss|/media/cliff/procom/verilog/proj/microBase/microBase.vitis/hwBlk_wrapper/microblaze_0/standalone_domain/bsp/system.mss||

TRACE::2021-02-03.15:25:58::SCWMssOS::Sw design exists and opened at  /media/cliff/procom/verilog/proj/microBase/microBase.vitis/hwBlk_wrapper/microblaze_0/standalone_domain/bsp/system.mss
TRACE::2021-02-03.15:25:58::SCWPlatform::Trying to open the hw design at /media/cliff/procom/verilog/proj/microBase/microBase.vitis/hwBlk_wrapper/hw/hwBlk_wrapper.xsa
TRACE::2021-02-03.15:25:58::SCWPlatform::DSA given /media/cliff/procom/verilog/proj/microBase/microBase.vitis/hwBlk_wrapper/hw/hwBlk_wrapper.xsa
TRACE::2021-02-03.15:25:58::SCWPlatform::DSA absoulate path /media/cliff/procom/verilog/proj/microBase/microBase.vitis/hwBlk_wrapper/hw/hwBlk_wrapper.xsa
TRACE::2021-02-03.15:25:58::SCWPlatform::DSA directory /media/cliff/procom/verilog/proj/microBase/microBase.vitis/hwBlk_wrapper/hw
TRACE::2021-02-03.15:25:58::SCWPlatform:: Platform Path /media/cliff/procom/verilog/proj/microBase/microBase.vitis/hwBlk_wrapper/hw/hwBlk_wrapper.xsa
TRACE::2021-02-03.15:25:58::SCWPlatform:: Unique name xilinx:kc705::0.0
TRACE::2021-02-03.15:25:58::SCWPlatform::Trying to set the existing hwdb with name hwBlk_wrapper_0
TRACE::2021-02-03.15:25:58::SCWPlatform::Opened existing hwdb hwBlk_wrapper_0
TRACE::2021-02-03.15:25:58::SCWPlatform::Found the Hw Db part of the input DSA
TRACE::2021-02-03.15:25:58::SCWMssOS::Checking the sw design at  /media/cliff/procom/verilog/proj/microBase/microBase.vitis/hwBlk_wrapper/microblaze_0/standalone_domain/bsp/system.mss
TRACE::2021-02-03.15:25:58::SCWMssOS::DEBUG:  swdes dump  /media/cliff/procom/verilog/proj/microBase/microBase.vitis/hwBlk_wrapper/microblaze_0/standalone_domain/bsp/system.mss|/media/cliff/procom/verilog/proj/microBase/microBase.vitis/hwBlk_wrapper/microblaze_0/standalone_domain/bsp/system.mss||

TRACE::2021-02-03.15:25:58::SCWMssOS::Sw design exists and opened at  /media/cliff/procom/verilog/proj/microBase/microBase.vitis/hwBlk_wrapper/microblaze_0/standalone_domain/bsp/system.mss
TRACE::2021-02-03.15:25:58::SCWWriter::formatted JSON is {
	"platformName":	"hwBlk_wrapper",
	"sprVersion":	"2.0",
	"mode":	"gui",
	"dsaType":	"Fixed",
	"platformDesc":	"hwBlk_wrapper",
	"platHandOff":	"/media/cliff/procom/verilog/proj/microBase/hwBlk_wrapper.xsa",
	"platIntHandOff":	"<platformDir>/hw/hwBlk_wrapper.xsa",
	"deviceType":	"FPGA",
	"platIsPrebuiltAutogen":	"false",
	"platIsNoBootBsp":	"false",
	"hasFsblMakeHasChanges":	"false",
	"hasPmufwMakeHasChanges":	"false",
	"platPreBuiltFlag":	false,
	"platformSamplesDir":	"",
	"platActiveSys":	"hwBlk_wrapper",
	"systems":	[{
			"systemName":	"hwBlk_wrapper",
			"systemDesc":	"hwBlk_wrapper",
			"sysIsBootAutoGen":	"true",
			"systemDispName":	"hwBlk_wrapper",
			"sysActiveDom":	"standalone_domain",
			"sysDefaultDom":	"standalone_domain",
			"domains":	[{
					"domainName":	"standalone_domain",
					"domainDispName":	"standalone on microblaze_0",
					"domainDesc":	"standalone_domain",
					"processors":	"microblaze_0",
					"os":	"standalone",
					"sdxOs":	"standalone",
					"debugEnable":	"False",
					"domRuntimes":	["cpp"],
					"swRepo":	"",
					"mssOsVer":	"7.1",
					"mssFile":	"",
					"md5Digest":	"",
					"compatibleApp":	"peripheral_tests",
					"domType":	"mssDomain",
					"arch":	"32-bit",
					"appSettings":	{
						"appCompilerFlags":	"",
						"appLinkerFlags":	""
					},
					"addedLibs":	[],
					"libOptions":	{
						"libsContainingOptions":	[]
					},
					"prebuiltLibs":	{
						"prebuiltIncPath":	[],
						"prebuiltLibPath":	[]
					},
					"isolation":	{
					}
				}]
		}]
}
TRACE::2021-02-03.15:25:58::SCWPlatform::Trying to open the hw design at /media/cliff/procom/verilog/proj/microBase/microBase.vitis/hwBlk_wrapper/hw/hwBlk_wrapper.xsa
TRACE::2021-02-03.15:25:58::SCWPlatform::DSA given /media/cliff/procom/verilog/proj/microBase/microBase.vitis/hwBlk_wrapper/hw/hwBlk_wrapper.xsa
TRACE::2021-02-03.15:25:58::SCWPlatform::DSA absoulate path /media/cliff/procom/verilog/proj/microBase/microBase.vitis/hwBlk_wrapper/hw/hwBlk_wrapper.xsa
TRACE::2021-02-03.15:25:58::SCWPlatform::DSA directory /media/cliff/procom/verilog/proj/microBase/microBase.vitis/hwBlk_wrapper/hw
TRACE::2021-02-03.15:25:58::SCWPlatform:: Platform Path /media/cliff/procom/verilog/proj/microBase/microBase.vitis/hwBlk_wrapper/hw/hwBlk_wrapper.xsa
TRACE::2021-02-03.15:25:58::SCWPlatform:: Unique name xilinx:kc705::0.0
TRACE::2021-02-03.15:25:58::SCWPlatform::Trying to set the existing hwdb with name hwBlk_wrapper_0
TRACE::2021-02-03.15:25:58::SCWPlatform::Opened existing hwdb hwBlk_wrapper_0
TRACE::2021-02-03.15:25:58::SCWPlatform::Found the Hw Db part of the input DSA
TRACE::2021-02-03.15:25:58::SCWMssOS::Checking the sw design at  /media/cliff/procom/verilog/proj/microBase/microBase.vitis/hwBlk_wrapper/microblaze_0/standalone_domain/bsp/system.mss
TRACE::2021-02-03.15:25:58::SCWMssOS::DEBUG:  swdes dump  /media/cliff/procom/verilog/proj/microBase/microBase.vitis/hwBlk_wrapper/microblaze_0/standalone_domain/bsp/system.mss|/media/cliff/procom/verilog/proj/microBase/microBase.vitis/hwBlk_wrapper/microblaze_0/standalone_domain/bsp/system.mss||

TRACE::2021-02-03.15:25:58::SCWMssOS::Sw design exists and opened at  /media/cliff/procom/verilog/proj/microBase/microBase.vitis/hwBlk_wrapper/microblaze_0/standalone_domain/bsp/system.mss
TRACE::2021-02-03.15:25:58::SCWMssOS::Completed writing the mss file at /media/cliff/procom/verilog/proj/microBase/microBase.vitis/hwBlk_wrapper/microblaze_0/standalone_domain/bsp
TRACE::2021-02-03.15:25:58::SCWMssOS::Forcing BSP Sources regeneration.
LOG::2021-02-03.15:25:59::SCWPlatform::Started generating the artifacts platform hwBlk_wrapper
TRACE::2021-02-03.15:25:59::SCWPlatform::Sanity checking of platform is completed
LOG::2021-02-03.15:25:59::SCWPlatform::Started generating the artifacts for system configuration hwBlk_wrapper
LOG::2021-02-03.15:25:59::SCWSystem::Checking the domain standalone_domain
LOG::2021-02-03.15:25:59::SCWSystem::Not a boot domain 
LOG::2021-02-03.15:25:59::SCWSystem::Started Processing the domain standalone_domain
TRACE::2021-02-03.15:25:59::SCWDomain::Generating domain artifcats
TRACE::2021-02-03.15:25:59::SCWMssOS::Generating standalone artifcats
TRACE::2021-02-03.15:25:59::SCWMssOS:: Copying the user libraries. 
TRACE::2021-02-03.15:25:59::SCWPlatform::Trying to open the hw design at /media/cliff/procom/verilog/proj/microBase/microBase.vitis/hwBlk_wrapper/hw/hwBlk_wrapper.xsa
TRACE::2021-02-03.15:25:59::SCWPlatform::DSA given /media/cliff/procom/verilog/proj/microBase/microBase.vitis/hwBlk_wrapper/hw/hwBlk_wrapper.xsa
TRACE::2021-02-03.15:25:59::SCWPlatform::DSA absoulate path /media/cliff/procom/verilog/proj/microBase/microBase.vitis/hwBlk_wrapper/hw/hwBlk_wrapper.xsa
TRACE::2021-02-03.15:25:59::SCWPlatform::DSA directory /media/cliff/procom/verilog/proj/microBase/microBase.vitis/hwBlk_wrapper/hw
TRACE::2021-02-03.15:25:59::SCWPlatform:: Platform Path /media/cliff/procom/verilog/proj/microBase/microBase.vitis/hwBlk_wrapper/hw/hwBlk_wrapper.xsa
TRACE::2021-02-03.15:25:59::SCWPlatform:: Unique name xilinx:kc705::0.0
TRACE::2021-02-03.15:25:59::SCWPlatform::Trying to set the existing hwdb with name hwBlk_wrapper_0
TRACE::2021-02-03.15:25:59::SCWPlatform::Opened existing hwdb hwBlk_wrapper_0
TRACE::2021-02-03.15:25:59::SCWPlatform::Found the Hw Db part of the input DSA
TRACE::2021-02-03.15:25:59::SCWMssOS::Checking the sw design at  /media/cliff/procom/verilog/proj/microBase/microBase.vitis/hwBlk_wrapper/microblaze_0/standalone_domain/bsp/system.mss
TRACE::2021-02-03.15:25:59::SCWMssOS::DEBUG:  swdes dump  /media/cliff/procom/verilog/proj/microBase/microBase.vitis/hwBlk_wrapper/microblaze_0/standalone_domain/bsp/system.mss|/media/cliff/procom/verilog/proj/microBase/microBase.vitis/hwBlk_wrapper/microblaze_0/standalone_domain/bsp/system.mss||

KEYINFO::2021-02-03.15:25:59::SCWMssOS::Could not open the swdb for /media/cliff/procom/verilog/proj/microBase/microBase.vitis/hwBlk_wrapper/microblaze_0/standalone_domain/bsp/system.mss
KEYINFO::2021-02-03.15:25:59::SCWMssOS::Could not open the sw design at  /media/cliff/procom/verilog/proj/microBase/microBase.vitis/hwBlk_wrapper/microblaze_0/standalone_domain/bsp/system.mss
ERROR: [Hsi 55-1558] Software Design /media/cliff/procom/verilog/proj/microBase/microBase.vitis/hwBlk_wrapper/microblaze_0/standalone_domain/bsp/system.mss is not found

TRACE::2021-02-03.15:25:59::SCWMssOS::Cleared the swdb table entry
TRACE::2021-02-03.15:25:59::SCWMssOS::No sw design opened at  /media/cliff/procom/verilog/proj/microBase/microBase.vitis/hwBlk_wrapper/microblaze_0/standalone_domain/bsp/system.mss
TRACE::2021-02-03.15:25:59::SCWMssOS::mss exists loading the mss file  /media/cliff/procom/verilog/proj/microBase/microBase.vitis/hwBlk_wrapper/microblaze_0/standalone_domain/bsp/system.mss
TRACE::2021-02-03.15:25:59::SCWMssOS::Opened the sw design from mss  /media/cliff/procom/verilog/proj/microBase/microBase.vitis/hwBlk_wrapper/microblaze_0/standalone_domain/bsp/system.mss
TRACE::2021-02-03.15:25:59::SCWMssOS::Adding the swdes entry /media/cliff/procom/verilog/proj/microBase/microBase.vitis/hwBlk_wrapper/microblaze_0/standalone_domain/bsp/system.mss with des name system
TRACE::2021-02-03.15:25:59::SCWMssOS::updating the scw layer about changes
TRACE::2021-02-03.15:25:59::SCWMssOS::Opened the sw design.  /media/cliff/procom/verilog/proj/microBase/microBase.vitis/hwBlk_wrapper/microblaze_0/standalone_domain/bsp/system.mss
TRACE::2021-02-03.15:25:59::SCWMssOS::Completed writing the mss file at /media/cliff/procom/verilog/proj/microBase/microBase.vitis/hwBlk_wrapper/microblaze_0/standalone_domain/bsp
TRACE::2021-02-03.15:25:59::SCWMssOS::Mss edits present, copying mssfile into export location /media/cliff/procom/verilog/proj/microBase/microBase.vitis/hwBlk_wrapper/microblaze_0/standalone_domain/bsp/system.mss
TRACE::2021-02-03.15:25:59::SCWMssOS::bsp generated is upto date with the mss file. Skipping bsp generation.
TRACE::2021-02-03.15:25:59::SCWMssOS::BSP is already built. skipping the bsp build ... 
TRACE::2021-02-03.15:25:59::SCWDomain::Skipping the build for domain :  standalone_domain
TRACE::2021-02-03.15:25:59::SCWMssOS::skipping the bsp build ... 
TRACE::2021-02-03.15:25:59::SCWMssOS::Copying to export directory.
TRACE::2021-02-03.15:25:59::SCWMssOS:: Checking if to create the Supporting Applications
TRACE::2021-02-03.15:25:59::SCWMssOS:: No Linux domain exists, trying to generate FSBL 
LOG::2021-02-03.15:25:59::SCWSystem::Completed Processing the domain standalone_domain
LOG::2021-02-03.15:25:59::SCWSystem::Completed Processing the sysconfig hwBlk_wrapper
LOG::2021-02-03.15:25:59::SCWPlatform::Completed generating the artifacts for system configuration hwBlk_wrapper
TRACE::2021-02-03.15:25:59::SCWPlatform::Started preparing the platform 
TRACE::2021-02-03.15:25:59::SCWSystem::Writing the bif file for system config hwBlk_wrapper
TRACE::2021-02-03.15:25:59::SCWSystem::dir created 
TRACE::2021-02-03.15:25:59::SCWSystem::Writing the bif 
TRACE::2021-02-03.15:25:59::SCWPlatform::Started writing the spfm file 
TRACE::2021-02-03.15:25:59::SCWPlatform::Started writing the xpfm file 
TRACE::2021-02-03.15:25:59::SCWPlatform::Completed generating the platform
TRACE::2021-02-03.15:25:59::SCWPlatform::Trying to open the hw design at /media/cliff/procom/verilog/proj/microBase/microBase.vitis/hwBlk_wrapper/hw/hwBlk_wrapper.xsa
TRACE::2021-02-03.15:25:59::SCWPlatform::DSA given /media/cliff/procom/verilog/proj/microBase/microBase.vitis/hwBlk_wrapper/hw/hwBlk_wrapper.xsa
TRACE::2021-02-03.15:25:59::SCWPlatform::DSA absoulate path /media/cliff/procom/verilog/proj/microBase/microBase.vitis/hwBlk_wrapper/hw/hwBlk_wrapper.xsa
TRACE::2021-02-03.15:25:59::SCWPlatform::DSA directory /media/cliff/procom/verilog/proj/microBase/microBase.vitis/hwBlk_wrapper/hw
TRACE::2021-02-03.15:25:59::SCWPlatform:: Platform Path /media/cliff/procom/verilog/proj/microBase/microBase.vitis/hwBlk_wrapper/hw/hwBlk_wrapper.xsa
TRACE::2021-02-03.15:25:59::SCWPlatform:: Unique name xilinx:kc705::0.0
TRACE::2021-02-03.15:25:59::SCWPlatform::Trying to set the existing hwdb with name hwBlk_wrapper_0
TRACE::2021-02-03.15:25:59::SCWPlatform::Opened existing hwdb hwBlk_wrapper_0
TRACE::2021-02-03.15:25:59::SCWPlatform::Found the Hw Db part of the input DSA
TRACE::2021-02-03.15:25:59::SCWMssOS::Checking the sw design at  /media/cliff/procom/verilog/proj/microBase/microBase.vitis/hwBlk_wrapper/microblaze_0/standalone_domain/bsp/system.mss
TRACE::2021-02-03.15:25:59::SCWMssOS::DEBUG:  swdes dump  /media/cliff/procom/verilog/proj/microBase/microBase.vitis/hwBlk_wrapper/microblaze_0/standalone_domain/bsp/system.mss|system||

TRACE::2021-02-03.15:25:59::SCWMssOS::Sw design exists and opened at  /media/cliff/procom/verilog/proj/microBase/microBase.vitis/hwBlk_wrapper/microblaze_0/standalone_domain/bsp/system.mss
TRACE::2021-02-03.15:25:59::SCWPlatform::Trying to open the hw design at /media/cliff/procom/verilog/proj/microBase/microBase.vitis/hwBlk_wrapper/hw/hwBlk_wrapper.xsa
TRACE::2021-02-03.15:25:59::SCWPlatform::DSA given /media/cliff/procom/verilog/proj/microBase/microBase.vitis/hwBlk_wrapper/hw/hwBlk_wrapper.xsa
TRACE::2021-02-03.15:25:59::SCWPlatform::DSA absoulate path /media/cliff/procom/verilog/proj/microBase/microBase.vitis/hwBlk_wrapper/hw/hwBlk_wrapper.xsa
TRACE::2021-02-03.15:25:59::SCWPlatform::DSA directory /media/cliff/procom/verilog/proj/microBase/microBase.vitis/hwBlk_wrapper/hw
TRACE::2021-02-03.15:25:59::SCWPlatform:: Platform Path /media/cliff/procom/verilog/proj/microBase/microBase.vitis/hwBlk_wrapper/hw/hwBlk_wrapper.xsa
TRACE::2021-02-03.15:25:59::SCWPlatform:: Unique name xilinx:kc705::0.0
TRACE::2021-02-03.15:25:59::SCWPlatform::Trying to set the existing hwdb with name hwBlk_wrapper_0
TRACE::2021-02-03.15:25:59::SCWPlatform::Opened existing hwdb hwBlk_wrapper_0
TRACE::2021-02-03.15:25:59::SCWPlatform::Found the Hw Db part of the input DSA
TRACE::2021-02-03.15:25:59::SCWMssOS::Checking the sw design at  /media/cliff/procom/verilog/proj/microBase/microBase.vitis/hwBlk_wrapper/microblaze_0/standalone_domain/bsp/system.mss
TRACE::2021-02-03.15:25:59::SCWMssOS::DEBUG:  swdes dump  /media/cliff/procom/verilog/proj/microBase/microBase.vitis/hwBlk_wrapper/microblaze_0/standalone_domain/bsp/system.mss|system||

TRACE::2021-02-03.15:25:59::SCWMssOS::Sw design exists and opened at  /media/cliff/procom/verilog/proj/microBase/microBase.vitis/hwBlk_wrapper/microblaze_0/standalone_domain/bsp/system.mss
TRACE::2021-02-03.15:25:59::SCWPlatform::Trying to open the hw design at /media/cliff/procom/verilog/proj/microBase/microBase.vitis/hwBlk_wrapper/hw/hwBlk_wrapper.xsa
TRACE::2021-02-03.15:25:59::SCWPlatform::DSA given /media/cliff/procom/verilog/proj/microBase/microBase.vitis/hwBlk_wrapper/hw/hwBlk_wrapper.xsa
TRACE::2021-02-03.15:25:59::SCWPlatform::DSA absoulate path /media/cliff/procom/verilog/proj/microBase/microBase.vitis/hwBlk_wrapper/hw/hwBlk_wrapper.xsa
TRACE::2021-02-03.15:25:59::SCWPlatform::DSA directory /media/cliff/procom/verilog/proj/microBase/microBase.vitis/hwBlk_wrapper/hw
TRACE::2021-02-03.15:25:59::SCWPlatform:: Platform Path /media/cliff/procom/verilog/proj/microBase/microBase.vitis/hwBlk_wrapper/hw/hwBlk_wrapper.xsa
TRACE::2021-02-03.15:25:59::SCWPlatform:: Unique name xilinx:kc705::0.0
TRACE::2021-02-03.15:25:59::SCWPlatform::Trying to set the existing hwdb with name hwBlk_wrapper_0
TRACE::2021-02-03.15:25:59::SCWPlatform::Opened existing hwdb hwBlk_wrapper_0
TRACE::2021-02-03.15:25:59::SCWPlatform::Found the Hw Db part of the input DSA
TRACE::2021-02-03.15:25:59::SCWMssOS::Checking the sw design at  /media/cliff/procom/verilog/proj/microBase/microBase.vitis/hwBlk_wrapper/microblaze_0/standalone_domain/bsp/system.mss
TRACE::2021-02-03.15:25:59::SCWMssOS::DEBUG:  swdes dump  /media/cliff/procom/verilog/proj/microBase/microBase.vitis/hwBlk_wrapper/microblaze_0/standalone_domain/bsp/system.mss|system||

TRACE::2021-02-03.15:25:59::SCWMssOS::Sw design exists and opened at  /media/cliff/procom/verilog/proj/microBase/microBase.vitis/hwBlk_wrapper/microblaze_0/standalone_domain/bsp/system.mss
TRACE::2021-02-03.15:25:59::SCWWriter::formatted JSON is {
	"platformName":	"hwBlk_wrapper",
	"sprVersion":	"2.0",
	"mode":	"gui",
	"dsaType":	"Fixed",
	"platformDesc":	"hwBlk_wrapper",
	"platHandOff":	"/media/cliff/procom/verilog/proj/microBase/hwBlk_wrapper.xsa",
	"platIntHandOff":	"<platformDir>/hw/hwBlk_wrapper.xsa",
	"deviceType":	"FPGA",
	"platIsPrebuiltAutogen":	"false",
	"platIsNoBootBsp":	"false",
	"hasFsblMakeHasChanges":	"false",
	"hasPmufwMakeHasChanges":	"false",
	"platPreBuiltFlag":	false,
	"platformSamplesDir":	"",
	"platActiveSys":	"hwBlk_wrapper",
	"systems":	[{
			"systemName":	"hwBlk_wrapper",
			"systemDesc":	"hwBlk_wrapper",
			"sysIsBootAutoGen":	"true",
			"systemDispName":	"hwBlk_wrapper",
			"sysActiveDom":	"standalone_domain",
			"sysDefaultDom":	"standalone_domain",
			"domains":	[{
					"domainName":	"standalone_domain",
					"domainDispName":	"standalone on microblaze_0",
					"domainDesc":	"standalone_domain",
					"processors":	"microblaze_0",
					"os":	"standalone",
					"sdxOs":	"standalone",
					"debugEnable":	"False",
					"domRuntimes":	["cpp"],
					"swRepo":	"",
					"mssOsVer":	"7.1",
					"mssFile":	"",
					"md5Digest":	"8c790f55416a062ce2c5791c05be62b1",
					"compatibleApp":	"peripheral_tests",
					"domType":	"mssDomain",
					"arch":	"32-bit",
					"appSettings":	{
						"appCompilerFlags":	"",
						"appLinkerFlags":	""
					},
					"addedLibs":	[],
					"libOptions":	{
						"libsContainingOptions":	[]
					},
					"prebuiltLibs":	{
						"prebuiltIncPath":	[],
						"prebuiltLibPath":	[]
					},
					"isolation":	{
					}
				}]
		}]
}
KEYINFO::2021-02-03.15:25:59::SCWPlatform::updated the xpfm file.
TRACE::2021-02-03.15:25:59::SCWPlatform::Trying to open the hw design at /media/cliff/procom/verilog/proj/microBase/microBase.vitis/hwBlk_wrapper/hw/hwBlk_wrapper.xsa
TRACE::2021-02-03.15:25:59::SCWPlatform::DSA given /media/cliff/procom/verilog/proj/microBase/microBase.vitis/hwBlk_wrapper/hw/hwBlk_wrapper.xsa
TRACE::2021-02-03.15:25:59::SCWPlatform::DSA absoulate path /media/cliff/procom/verilog/proj/microBase/microBase.vitis/hwBlk_wrapper/hw/hwBlk_wrapper.xsa
TRACE::2021-02-03.15:25:59::SCWPlatform::DSA directory /media/cliff/procom/verilog/proj/microBase/microBase.vitis/hwBlk_wrapper/hw
TRACE::2021-02-03.15:25:59::SCWPlatform:: Platform Path /media/cliff/procom/verilog/proj/microBase/microBase.vitis/hwBlk_wrapper/hw/hwBlk_wrapper.xsa
TRACE::2021-02-03.15:25:59::SCWPlatform:: Unique name xilinx:kc705::0.0
TRACE::2021-02-03.15:25:59::SCWPlatform::Trying to set the existing hwdb with name hwBlk_wrapper_0
TRACE::2021-02-03.15:25:59::SCWPlatform::Opened existing hwdb hwBlk_wrapper_0
TRACE::2021-02-03.15:25:59::SCWPlatform::Found the Hw Db part of the input DSA
TRACE::2021-02-03.15:25:59::SCWMssOS::Checking the sw design at  /media/cliff/procom/verilog/proj/microBase/microBase.vitis/hwBlk_wrapper/microblaze_0/standalone_domain/bsp/system.mss
TRACE::2021-02-03.15:25:59::SCWMssOS::DEBUG:  swdes dump  /media/cliff/procom/verilog/proj/microBase/microBase.vitis/hwBlk_wrapper/microblaze_0/standalone_domain/bsp/system.mss|system||

TRACE::2021-02-03.15:25:59::SCWMssOS::Sw design exists and opened at  /media/cliff/procom/verilog/proj/microBase/microBase.vitis/hwBlk_wrapper/microblaze_0/standalone_domain/bsp/system.mss
TRACE::2021-02-03.15:25:59::SCWPlatform::Trying to open the hw design at /media/cliff/procom/verilog/proj/microBase/microBase.vitis/hwBlk_wrapper/hw/hwBlk_wrapper.xsa
TRACE::2021-02-03.15:25:59::SCWPlatform::DSA given /media/cliff/procom/verilog/proj/microBase/microBase.vitis/hwBlk_wrapper/hw/hwBlk_wrapper.xsa
TRACE::2021-02-03.15:25:59::SCWPlatform::DSA absoulate path /media/cliff/procom/verilog/proj/microBase/microBase.vitis/hwBlk_wrapper/hw/hwBlk_wrapper.xsa
TRACE::2021-02-03.15:25:59::SCWPlatform::DSA directory /media/cliff/procom/verilog/proj/microBase/microBase.vitis/hwBlk_wrapper/hw
TRACE::2021-02-03.15:25:59::SCWPlatform:: Platform Path /media/cliff/procom/verilog/proj/microBase/microBase.vitis/hwBlk_wrapper/hw/hwBlk_wrapper.xsa
TRACE::2021-02-03.15:25:59::SCWPlatform:: Unique name xilinx:kc705::0.0
TRACE::2021-02-03.15:25:59::SCWPlatform::Trying to set the existing hwdb with name hwBlk_wrapper_0
TRACE::2021-02-03.15:25:59::SCWPlatform::Opened existing hwdb hwBlk_wrapper_0
TRACE::2021-02-03.15:25:59::SCWPlatform::Found the Hw Db part of the input DSA
TRACE::2021-02-03.15:25:59::SCWMssOS::Checking the sw design at  /media/cliff/procom/verilog/proj/microBase/microBase.vitis/hwBlk_wrapper/microblaze_0/standalone_domain/bsp/system.mss
TRACE::2021-02-03.15:25:59::SCWMssOS::DEBUG:  swdes dump  /media/cliff/procom/verilog/proj/microBase/microBase.vitis/hwBlk_wrapper/microblaze_0/standalone_domain/bsp/system.mss|system||

TRACE::2021-02-03.15:25:59::SCWMssOS::Sw design exists and opened at  /media/cliff/procom/verilog/proj/microBase/microBase.vitis/hwBlk_wrapper/microblaze_0/standalone_domain/bsp/system.mss
TRACE::2021-02-03.15:25:59::SCWPlatform::Trying to open the hw design at /media/cliff/procom/verilog/proj/microBase/microBase.vitis/hwBlk_wrapper/hw/hwBlk_wrapper.xsa
TRACE::2021-02-03.15:25:59::SCWPlatform::DSA given /media/cliff/procom/verilog/proj/microBase/microBase.vitis/hwBlk_wrapper/hw/hwBlk_wrapper.xsa
TRACE::2021-02-03.15:25:59::SCWPlatform::DSA absoulate path /media/cliff/procom/verilog/proj/microBase/microBase.vitis/hwBlk_wrapper/hw/hwBlk_wrapper.xsa
TRACE::2021-02-03.15:25:59::SCWPlatform::DSA directory /media/cliff/procom/verilog/proj/microBase/microBase.vitis/hwBlk_wrapper/hw
TRACE::2021-02-03.15:25:59::SCWPlatform:: Platform Path /media/cliff/procom/verilog/proj/microBase/microBase.vitis/hwBlk_wrapper/hw/hwBlk_wrapper.xsa
TRACE::2021-02-03.15:25:59::SCWPlatform:: Unique name xilinx:kc705::0.0
TRACE::2021-02-03.15:25:59::SCWPlatform::Trying to set the existing hwdb with name hwBlk_wrapper_0
TRACE::2021-02-03.15:25:59::SCWPlatform::Opened existing hwdb hwBlk_wrapper_0
TRACE::2021-02-03.15:25:59::SCWPlatform::Found the Hw Db part of the input DSA
TRACE::2021-02-03.15:25:59::SCWMssOS::Checking the sw design at  /media/cliff/procom/verilog/proj/microBase/microBase.vitis/hwBlk_wrapper/microblaze_0/standalone_domain/bsp/system.mss
TRACE::2021-02-03.15:25:59::SCWMssOS::DEBUG:  swdes dump  /media/cliff/procom/verilog/proj/microBase/microBase.vitis/hwBlk_wrapper/microblaze_0/standalone_domain/bsp/system.mss|system||

TRACE::2021-02-03.15:25:59::SCWMssOS::Sw design exists and opened at  /media/cliff/procom/verilog/proj/microBase/microBase.vitis/hwBlk_wrapper/microblaze_0/standalone_domain/bsp/system.mss
TRACE::2021-02-03.15:25:59::SCWPlatform::Trying to open the hw design at /media/cliff/procom/verilog/proj/microBase/microBase.vitis/hwBlk_wrapper/hw/hwBlk_wrapper.xsa
TRACE::2021-02-03.15:25:59::SCWPlatform::DSA given /media/cliff/procom/verilog/proj/microBase/microBase.vitis/hwBlk_wrapper/hw/hwBlk_wrapper.xsa
TRACE::2021-02-03.15:25:59::SCWPlatform::DSA absoulate path /media/cliff/procom/verilog/proj/microBase/microBase.vitis/hwBlk_wrapper/hw/hwBlk_wrapper.xsa
TRACE::2021-02-03.15:25:59::SCWPlatform::DSA directory /media/cliff/procom/verilog/proj/microBase/microBase.vitis/hwBlk_wrapper/hw
TRACE::2021-02-03.15:25:59::SCWPlatform:: Platform Path /media/cliff/procom/verilog/proj/microBase/microBase.vitis/hwBlk_wrapper/hw/hwBlk_wrapper.xsa
TRACE::2021-02-03.15:25:59::SCWPlatform:: Unique name xilinx:kc705::0.0
TRACE::2021-02-03.15:25:59::SCWPlatform::Trying to set the existing hwdb with name hwBlk_wrapper_0
TRACE::2021-02-03.15:25:59::SCWPlatform::Opened existing hwdb hwBlk_wrapper_0
TRACE::2021-02-03.15:25:59::SCWPlatform::Found the Hw Db part of the input DSA
TRACE::2021-02-03.15:25:59::SCWMssOS::Checking the sw design at  /media/cliff/procom/verilog/proj/microBase/microBase.vitis/hwBlk_wrapper/microblaze_0/standalone_domain/bsp/system.mss
TRACE::2021-02-03.15:25:59::SCWMssOS::DEBUG:  swdes dump  /media/cliff/procom/verilog/proj/microBase/microBase.vitis/hwBlk_wrapper/microblaze_0/standalone_domain/bsp/system.mss|system||

TRACE::2021-02-03.15:25:59::SCWMssOS::Sw design exists and opened at  /media/cliff/procom/verilog/proj/microBase/microBase.vitis/hwBlk_wrapper/microblaze_0/standalone_domain/bsp/system.mss
TRACE::2021-02-03.15:25:59::SCWWriter::formatted JSON is {
	"platformName":	"hwBlk_wrapper",
	"sprVersion":	"2.0",
	"mode":	"gui",
	"dsaType":	"Fixed",
	"platformDesc":	"hwBlk_wrapper",
	"platHandOff":	"/media/cliff/procom/verilog/proj/microBase/hwBlk_wrapper.xsa",
	"platIntHandOff":	"<platformDir>/hw/hwBlk_wrapper.xsa",
	"deviceType":	"FPGA",
	"platIsPrebuiltAutogen":	"false",
	"platIsNoBootBsp":	"false",
	"hasFsblMakeHasChanges":	"false",
	"hasPmufwMakeHasChanges":	"false",
	"platPreBuiltFlag":	false,
	"platformSamplesDir":	"",
	"platActiveSys":	"hwBlk_wrapper",
	"systems":	[{
			"systemName":	"hwBlk_wrapper",
			"systemDesc":	"hwBlk_wrapper",
			"sysIsBootAutoGen":	"true",
			"systemDispName":	"hwBlk_wrapper",
			"sysActiveDom":	"standalone_domain",
			"sysDefaultDom":	"standalone_domain",
			"domains":	[{
					"domainName":	"standalone_domain",
					"domainDispName":	"standalone on microblaze_0",
					"domainDesc":	"standalone_domain",
					"processors":	"microblaze_0",
					"os":	"standalone",
					"sdxOs":	"standalone",
					"debugEnable":	"False",
					"domRuntimes":	["cpp"],
					"swRepo":	"",
					"mssOsVer":	"7.1",
					"mssFile":	"",
					"md5Digest":	"8c790f55416a062ce2c5791c05be62b1",
					"compatibleApp":	"peripheral_tests",
					"domType":	"mssDomain",
					"arch":	"32-bit",
					"appSettings":	{
						"appCompilerFlags":	"",
						"appLinkerFlags":	""
					},
					"addedLibs":	[],
					"libOptions":	{
						"libsContainingOptions":	[]
					},
					"prebuiltLibs":	{
						"prebuiltIncPath":	[],
						"prebuiltLibPath":	[]
					},
					"isolation":	{
					}
				}]
		}]
}
TRACE::2021-02-03.15:25:59::SCWPlatform::Trying to open the hw design at /media/cliff/procom/verilog/proj/microBase/microBase.vitis/hwBlk_wrapper/hw/hwBlk_wrapper.xsa
TRACE::2021-02-03.15:25:59::SCWPlatform::DSA given /media/cliff/procom/verilog/proj/microBase/microBase.vitis/hwBlk_wrapper/hw/hwBlk_wrapper.xsa
TRACE::2021-02-03.15:25:59::SCWPlatform::DSA absoulate path /media/cliff/procom/verilog/proj/microBase/microBase.vitis/hwBlk_wrapper/hw/hwBlk_wrapper.xsa
TRACE::2021-02-03.15:25:59::SCWPlatform::DSA directory /media/cliff/procom/verilog/proj/microBase/microBase.vitis/hwBlk_wrapper/hw
TRACE::2021-02-03.15:25:59::SCWPlatform:: Platform Path /media/cliff/procom/verilog/proj/microBase/microBase.vitis/hwBlk_wrapper/hw/hwBlk_wrapper.xsa
TRACE::2021-02-03.15:25:59::SCWPlatform:: Unique name xilinx:kc705::0.0
TRACE::2021-02-03.15:25:59::SCWPlatform::Trying to set the existing hwdb with name hwBlk_wrapper_0
TRACE::2021-02-03.15:25:59::SCWPlatform::Opened existing hwdb hwBlk_wrapper_0
TRACE::2021-02-03.15:25:59::SCWPlatform::Found the Hw Db part of the input DSA
TRACE::2021-02-03.15:25:59::SCWMssOS::Checking the sw design at  /media/cliff/procom/verilog/proj/microBase/microBase.vitis/hwBlk_wrapper/microblaze_0/standalone_domain/bsp/system.mss
TRACE::2021-02-03.15:25:59::SCWMssOS::DEBUG:  swdes dump  /media/cliff/procom/verilog/proj/microBase/microBase.vitis/hwBlk_wrapper/microblaze_0/standalone_domain/bsp/system.mss|system||

TRACE::2021-02-03.15:25:59::SCWMssOS::Sw design exists and opened at  /media/cliff/procom/verilog/proj/microBase/microBase.vitis/hwBlk_wrapper/microblaze_0/standalone_domain/bsp/system.mss
TRACE::2021-02-03.15:25:59::SCWPlatform::Trying to open the hw design at /media/cliff/procom/verilog/proj/microBase/microBase.vitis/hwBlk_wrapper/hw/hwBlk_wrapper.xsa
TRACE::2021-02-03.15:25:59::SCWPlatform::DSA given /media/cliff/procom/verilog/proj/microBase/microBase.vitis/hwBlk_wrapper/hw/hwBlk_wrapper.xsa
TRACE::2021-02-03.15:25:59::SCWPlatform::DSA absoulate path /media/cliff/procom/verilog/proj/microBase/microBase.vitis/hwBlk_wrapper/hw/hwBlk_wrapper.xsa
TRACE::2021-02-03.15:25:59::SCWPlatform::DSA directory /media/cliff/procom/verilog/proj/microBase/microBase.vitis/hwBlk_wrapper/hw
TRACE::2021-02-03.15:25:59::SCWPlatform:: Platform Path /media/cliff/procom/verilog/proj/microBase/microBase.vitis/hwBlk_wrapper/hw/hwBlk_wrapper.xsa
TRACE::2021-02-03.15:25:59::SCWPlatform:: Unique name xilinx:kc705::0.0
TRACE::2021-02-03.15:25:59::SCWPlatform::Trying to set the existing hwdb with name hwBlk_wrapper_0
TRACE::2021-02-03.15:25:59::SCWPlatform::Opened existing hwdb hwBlk_wrapper_0
TRACE::2021-02-03.15:25:59::SCWPlatform::Found the Hw Db part of the input DSA
TRACE::2021-02-03.15:25:59::SCWMssOS::Checking the sw design at  /media/cliff/procom/verilog/proj/microBase/microBase.vitis/hwBlk_wrapper/microblaze_0/standalone_domain/bsp/system.mss
TRACE::2021-02-03.15:25:59::SCWMssOS::DEBUG:  swdes dump  /media/cliff/procom/verilog/proj/microBase/microBase.vitis/hwBlk_wrapper/microblaze_0/standalone_domain/bsp/system.mss|system||

TRACE::2021-02-03.15:25:59::SCWMssOS::Sw design exists and opened at  /media/cliff/procom/verilog/proj/microBase/microBase.vitis/hwBlk_wrapper/microblaze_0/standalone_domain/bsp/system.mss
TRACE::2021-02-03.15:25:59::SCWPlatform::Trying to open the hw design at /media/cliff/procom/verilog/proj/microBase/microBase.vitis/hwBlk_wrapper/hw/hwBlk_wrapper.xsa
TRACE::2021-02-03.15:25:59::SCWPlatform::DSA given /media/cliff/procom/verilog/proj/microBase/microBase.vitis/hwBlk_wrapper/hw/hwBlk_wrapper.xsa
TRACE::2021-02-03.15:25:59::SCWPlatform::DSA absoulate path /media/cliff/procom/verilog/proj/microBase/microBase.vitis/hwBlk_wrapper/hw/hwBlk_wrapper.xsa
TRACE::2021-02-03.15:25:59::SCWPlatform::DSA directory /media/cliff/procom/verilog/proj/microBase/microBase.vitis/hwBlk_wrapper/hw
TRACE::2021-02-03.15:25:59::SCWPlatform:: Platform Path /media/cliff/procom/verilog/proj/microBase/microBase.vitis/hwBlk_wrapper/hw/hwBlk_wrapper.xsa
TRACE::2021-02-03.15:25:59::SCWPlatform:: Unique name xilinx:kc705::0.0
TRACE::2021-02-03.15:25:59::SCWPlatform::Trying to set the existing hwdb with name hwBlk_wrapper_0
TRACE::2021-02-03.15:25:59::SCWPlatform::Opened existing hwdb hwBlk_wrapper_0
TRACE::2021-02-03.15:25:59::SCWPlatform::Found the Hw Db part of the input DSA
TRACE::2021-02-03.15:25:59::SCWMssOS::Checking the sw design at  /media/cliff/procom/verilog/proj/microBase/microBase.vitis/hwBlk_wrapper/microblaze_0/standalone_domain/bsp/system.mss
TRACE::2021-02-03.15:25:59::SCWMssOS::DEBUG:  swdes dump  /media/cliff/procom/verilog/proj/microBase/microBase.vitis/hwBlk_wrapper/microblaze_0/standalone_domain/bsp/system.mss|system||

TRACE::2021-02-03.15:25:59::SCWMssOS::Sw design exists and opened at  /media/cliff/procom/verilog/proj/microBase/microBase.vitis/hwBlk_wrapper/microblaze_0/standalone_domain/bsp/system.mss
TRACE::2021-02-03.15:25:59::SCWPlatform::Trying to open the hw design at /media/cliff/procom/verilog/proj/microBase/microBase.vitis/hwBlk_wrapper/hw/hwBlk_wrapper.xsa
TRACE::2021-02-03.15:25:59::SCWPlatform::DSA given /media/cliff/procom/verilog/proj/microBase/microBase.vitis/hwBlk_wrapper/hw/hwBlk_wrapper.xsa
TRACE::2021-02-03.15:25:59::SCWPlatform::DSA absoulate path /media/cliff/procom/verilog/proj/microBase/microBase.vitis/hwBlk_wrapper/hw/hwBlk_wrapper.xsa
TRACE::2021-02-03.15:25:59::SCWPlatform::DSA directory /media/cliff/procom/verilog/proj/microBase/microBase.vitis/hwBlk_wrapper/hw
TRACE::2021-02-03.15:25:59::SCWPlatform:: Platform Path /media/cliff/procom/verilog/proj/microBase/microBase.vitis/hwBlk_wrapper/hw/hwBlk_wrapper.xsa
TRACE::2021-02-03.15:25:59::SCWPlatform:: Unique name xilinx:kc705::0.0
TRACE::2021-02-03.15:25:59::SCWPlatform::Trying to set the existing hwdb with name hwBlk_wrapper_0
TRACE::2021-02-03.15:25:59::SCWPlatform::Opened existing hwdb hwBlk_wrapper_0
TRACE::2021-02-03.15:25:59::SCWPlatform::Found the Hw Db part of the input DSA
TRACE::2021-02-03.15:25:59::SCWMssOS::Checking the sw design at  /media/cliff/procom/verilog/proj/microBase/microBase.vitis/hwBlk_wrapper/microblaze_0/standalone_domain/bsp/system.mss
TRACE::2021-02-03.15:25:59::SCWMssOS::DEBUG:  swdes dump  /media/cliff/procom/verilog/proj/microBase/microBase.vitis/hwBlk_wrapper/microblaze_0/standalone_domain/bsp/system.mss|system||

TRACE::2021-02-03.15:25:59::SCWMssOS::Sw design exists and opened at  /media/cliff/procom/verilog/proj/microBase/microBase.vitis/hwBlk_wrapper/microblaze_0/standalone_domain/bsp/system.mss
TRACE::2021-02-03.15:25:59::SCWPlatform::Trying to open the hw design at /media/cliff/procom/verilog/proj/microBase/microBase.vitis/hwBlk_wrapper/hw/hwBlk_wrapper.xsa
TRACE::2021-02-03.15:25:59::SCWPlatform::DSA given /media/cliff/procom/verilog/proj/microBase/microBase.vitis/hwBlk_wrapper/hw/hwBlk_wrapper.xsa
TRACE::2021-02-03.15:25:59::SCWPlatform::DSA absoulate path /media/cliff/procom/verilog/proj/microBase/microBase.vitis/hwBlk_wrapper/hw/hwBlk_wrapper.xsa
TRACE::2021-02-03.15:25:59::SCWPlatform::DSA directory /media/cliff/procom/verilog/proj/microBase/microBase.vitis/hwBlk_wrapper/hw
TRACE::2021-02-03.15:25:59::SCWPlatform:: Platform Path /media/cliff/procom/verilog/proj/microBase/microBase.vitis/hwBlk_wrapper/hw/hwBlk_wrapper.xsa
TRACE::2021-02-03.15:25:59::SCWPlatform:: Unique name xilinx:kc705::0.0
TRACE::2021-02-03.15:25:59::SCWPlatform::Trying to set the existing hwdb with name hwBlk_wrapper_0
TRACE::2021-02-03.15:25:59::SCWPlatform::Opened existing hwdb hwBlk_wrapper_0
TRACE::2021-02-03.15:25:59::SCWPlatform::Found the Hw Db part of the input DSA
TRACE::2021-02-03.15:25:59::SCWMssOS::Checking the sw design at  /media/cliff/procom/verilog/proj/microBase/microBase.vitis/hwBlk_wrapper/microblaze_0/standalone_domain/bsp/system.mss
TRACE::2021-02-03.15:25:59::SCWMssOS::DEBUG:  swdes dump  /media/cliff/procom/verilog/proj/microBase/microBase.vitis/hwBlk_wrapper/microblaze_0/standalone_domain/bsp/system.mss|system||

TRACE::2021-02-03.15:25:59::SCWMssOS::Sw design exists and opened at  /media/cliff/procom/verilog/proj/microBase/microBase.vitis/hwBlk_wrapper/microblaze_0/standalone_domain/bsp/system.mss
TRACE::2021-02-03.15:25:59::SCWWriter::formatted JSON is {
	"platformName":	"hwBlk_wrapper",
	"sprVersion":	"2.0",
	"mode":	"gui",
	"dsaType":	"Fixed",
	"platformDesc":	"hwBlk_wrapper",
	"platHandOff":	"/media/cliff/procom/verilog/proj/microBase/hwBlk_wrapper.xsa",
	"platIntHandOff":	"<platformDir>/hw/hwBlk_wrapper.xsa",
	"deviceType":	"FPGA",
	"platIsPrebuiltAutogen":	"false",
	"platIsNoBootBsp":	"false",
	"hasFsblMakeHasChanges":	"false",
	"hasPmufwMakeHasChanges":	"false",
	"platPreBuiltFlag":	false,
	"platformSamplesDir":	"",
	"platActiveSys":	"hwBlk_wrapper",
	"systems":	[{
			"systemName":	"hwBlk_wrapper",
			"systemDesc":	"hwBlk_wrapper",
			"sysIsBootAutoGen":	"true",
			"systemDispName":	"hwBlk_wrapper",
			"sysActiveDom":	"standalone_domain",
			"sysDefaultDom":	"standalone_domain",
			"domains":	[{
					"domainName":	"standalone_domain",
					"domainDispName":	"standalone on microblaze_0",
					"domainDesc":	"standalone_domain",
					"processors":	"microblaze_0",
					"os":	"standalone",
					"sdxOs":	"standalone",
					"debugEnable":	"False",
					"domRuntimes":	["cpp"],
					"swRepo":	"",
					"mssOsVer":	"7.1",
					"mssFile":	"",
					"md5Digest":	"8c790f55416a062ce2c5791c05be62b1",
					"compatibleApp":	"peripheral_tests",
					"domType":	"mssDomain",
					"arch":	"32-bit",
					"appSettings":	{
						"appCompilerFlags":	"",
						"appLinkerFlags":	""
					},
					"addedLibs":	[],
					"libOptions":	{
						"libsContainingOptions":	[]
					},
					"prebuiltLibs":	{
						"prebuiltIncPath":	[],
						"prebuiltLibPath":	[]
					},
					"isolation":	{
					}
				}]
		}]
}
LOG::2021-02-03.15:25:59::SCWPlatform::Started generating the artifacts platform hwBlk_wrapper
TRACE::2021-02-03.15:25:59::SCWPlatform::Sanity checking of platform is completed
LOG::2021-02-03.15:25:59::SCWPlatform::Started generating the artifacts for system configuration hwBlk_wrapper
LOG::2021-02-03.15:25:59::SCWSystem::Started Processing the domain standalone_domain
TRACE::2021-02-03.15:25:59::SCWDomain::Generating domain artifcats
TRACE::2021-02-03.15:25:59::SCWMssOS::Generating standalone artifcats
TRACE::2021-02-03.15:25:59::SCWMssOS:: Copying the user libraries. 
TRACE::2021-02-03.15:25:59::SCWPlatform::Trying to open the hw design at /media/cliff/procom/verilog/proj/microBase/microBase.vitis/hwBlk_wrapper/hw/hwBlk_wrapper.xsa
TRACE::2021-02-03.15:25:59::SCWPlatform::DSA given /media/cliff/procom/verilog/proj/microBase/microBase.vitis/hwBlk_wrapper/hw/hwBlk_wrapper.xsa
TRACE::2021-02-03.15:25:59::SCWPlatform::DSA absoulate path /media/cliff/procom/verilog/proj/microBase/microBase.vitis/hwBlk_wrapper/hw/hwBlk_wrapper.xsa
TRACE::2021-02-03.15:25:59::SCWPlatform::DSA directory /media/cliff/procom/verilog/proj/microBase/microBase.vitis/hwBlk_wrapper/hw
TRACE::2021-02-03.15:25:59::SCWPlatform:: Platform Path /media/cliff/procom/verilog/proj/microBase/microBase.vitis/hwBlk_wrapper/hw/hwBlk_wrapper.xsa
TRACE::2021-02-03.15:25:59::SCWPlatform:: Unique name xilinx:kc705::0.0
TRACE::2021-02-03.15:25:59::SCWPlatform::Trying to set the existing hwdb with name hwBlk_wrapper_0
TRACE::2021-02-03.15:25:59::SCWPlatform::Opened existing hwdb hwBlk_wrapper_0
TRACE::2021-02-03.15:25:59::SCWPlatform::Found the Hw Db part of the input DSA
TRACE::2021-02-03.15:25:59::SCWMssOS::Checking the sw design at  /media/cliff/procom/verilog/proj/microBase/microBase.vitis/hwBlk_wrapper/microblaze_0/standalone_domain/bsp/system.mss
TRACE::2021-02-03.15:25:59::SCWMssOS::DEBUG:  swdes dump  /media/cliff/procom/verilog/proj/microBase/microBase.vitis/hwBlk_wrapper/microblaze_0/standalone_domain/bsp/system.mss|system||

TRACE::2021-02-03.15:25:59::SCWMssOS::Sw design exists and opened at  /media/cliff/procom/verilog/proj/microBase/microBase.vitis/hwBlk_wrapper/microblaze_0/standalone_domain/bsp/system.mss
TRACE::2021-02-03.15:25:59::SCWMssOS::Completed writing the mss file at /media/cliff/procom/verilog/proj/microBase/microBase.vitis/hwBlk_wrapper/microblaze_0/standalone_domain/bsp
TRACE::2021-02-03.15:25:59::SCWMssOS::Mss edits present, copying mssfile into export location /media/cliff/procom/verilog/proj/microBase/microBase.vitis/hwBlk_wrapper/microblaze_0/standalone_domain/bsp/system.mss
TRACE::2021-02-03.15:25:59::SCWMssOS::bsp generated is upto date with the mss file. Skipping bsp generation.
TRACE::2021-02-03.15:25:59::SCWMssOS::BSP is already built. skipping the bsp build ... 
TRACE::2021-02-03.15:25:59::SCWDomain::Building the domain as part of full build :  standalone_domain
TRACE::2021-02-03.15:25:59::SCWMssOS::skipping the bsp build ... 
TRACE::2021-02-03.15:25:59::SCWMssOS::Copying to export directory.
TRACE::2021-02-03.15:25:59::SCWMssOS:: Checking if to create the Supporting Applications
TRACE::2021-02-03.15:25:59::SCWMssOS:: No Linux domain exists, trying to generate FSBL 
LOG::2021-02-03.15:25:59::SCWSystem::Completed Processing the domain standalone_domain
LOG::2021-02-03.15:25:59::SCWSystem::Completed Processing the sysconfig hwBlk_wrapper
LOG::2021-02-03.15:25:59::SCWPlatform::Completed generating the artifacts for system configuration hwBlk_wrapper
TRACE::2021-02-03.15:25:59::SCWPlatform::Started preparing the platform 
TRACE::2021-02-03.15:25:59::SCWSystem::Writing the bif file for system config hwBlk_wrapper
TRACE::2021-02-03.15:25:59::SCWSystem::dir created 
TRACE::2021-02-03.15:25:59::SCWSystem::Writing the bif 
TRACE::2021-02-03.15:25:59::SCWPlatform::Started writing the spfm file 
TRACE::2021-02-03.15:25:59::SCWPlatform::Started writing the xpfm file 
TRACE::2021-02-03.15:25:59::SCWPlatform::Completed generating the platform
TRACE::2021-02-03.15:25:59::SCWPlatform::Trying to open the hw design at /media/cliff/procom/verilog/proj/microBase/microBase.vitis/hwBlk_wrapper/hw/hwBlk_wrapper.xsa
TRACE::2021-02-03.15:25:59::SCWPlatform::DSA given /media/cliff/procom/verilog/proj/microBase/microBase.vitis/hwBlk_wrapper/hw/hwBlk_wrapper.xsa
TRACE::2021-02-03.15:25:59::SCWPlatform::DSA absoulate path /media/cliff/procom/verilog/proj/microBase/microBase.vitis/hwBlk_wrapper/hw/hwBlk_wrapper.xsa
TRACE::2021-02-03.15:25:59::SCWPlatform::DSA directory /media/cliff/procom/verilog/proj/microBase/microBase.vitis/hwBlk_wrapper/hw
TRACE::2021-02-03.15:25:59::SCWPlatform:: Platform Path /media/cliff/procom/verilog/proj/microBase/microBase.vitis/hwBlk_wrapper/hw/hwBlk_wrapper.xsa
TRACE::2021-02-03.15:25:59::SCWPlatform:: Unique name xilinx:kc705::0.0
TRACE::2021-02-03.15:25:59::SCWPlatform::Trying to set the existing hwdb with name hwBlk_wrapper_0
TRACE::2021-02-03.15:25:59::SCWPlatform::Opened existing hwdb hwBlk_wrapper_0
TRACE::2021-02-03.15:25:59::SCWPlatform::Found the Hw Db part of the input DSA
TRACE::2021-02-03.15:25:59::SCWMssOS::Checking the sw design at  /media/cliff/procom/verilog/proj/microBase/microBase.vitis/hwBlk_wrapper/microblaze_0/standalone_domain/bsp/system.mss
TRACE::2021-02-03.15:25:59::SCWMssOS::DEBUG:  swdes dump  /media/cliff/procom/verilog/proj/microBase/microBase.vitis/hwBlk_wrapper/microblaze_0/standalone_domain/bsp/system.mss|system||

TRACE::2021-02-03.15:25:59::SCWMssOS::Sw design exists and opened at  /media/cliff/procom/verilog/proj/microBase/microBase.vitis/hwBlk_wrapper/microblaze_0/standalone_domain/bsp/system.mss
TRACE::2021-02-03.15:25:59::SCWPlatform::Trying to open the hw design at /media/cliff/procom/verilog/proj/microBase/microBase.vitis/hwBlk_wrapper/hw/hwBlk_wrapper.xsa
TRACE::2021-02-03.15:25:59::SCWPlatform::DSA given /media/cliff/procom/verilog/proj/microBase/microBase.vitis/hwBlk_wrapper/hw/hwBlk_wrapper.xsa
TRACE::2021-02-03.15:25:59::SCWPlatform::DSA absoulate path /media/cliff/procom/verilog/proj/microBase/microBase.vitis/hwBlk_wrapper/hw/hwBlk_wrapper.xsa
TRACE::2021-02-03.15:25:59::SCWPlatform::DSA directory /media/cliff/procom/verilog/proj/microBase/microBase.vitis/hwBlk_wrapper/hw
TRACE::2021-02-03.15:25:59::SCWPlatform:: Platform Path /media/cliff/procom/verilog/proj/microBase/microBase.vitis/hwBlk_wrapper/hw/hwBlk_wrapper.xsa
TRACE::2021-02-03.15:25:59::SCWPlatform:: Unique name xilinx:kc705::0.0
TRACE::2021-02-03.15:25:59::SCWPlatform::Trying to set the existing hwdb with name hwBlk_wrapper_0
TRACE::2021-02-03.15:25:59::SCWPlatform::Opened existing hwdb hwBlk_wrapper_0
TRACE::2021-02-03.15:25:59::SCWPlatform::Found the Hw Db part of the input DSA
TRACE::2021-02-03.15:25:59::SCWMssOS::Checking the sw design at  /media/cliff/procom/verilog/proj/microBase/microBase.vitis/hwBlk_wrapper/microblaze_0/standalone_domain/bsp/system.mss
TRACE::2021-02-03.15:25:59::SCWMssOS::DEBUG:  swdes dump  /media/cliff/procom/verilog/proj/microBase/microBase.vitis/hwBlk_wrapper/microblaze_0/standalone_domain/bsp/system.mss|system||

TRACE::2021-02-03.15:25:59::SCWMssOS::Sw design exists and opened at  /media/cliff/procom/verilog/proj/microBase/microBase.vitis/hwBlk_wrapper/microblaze_0/standalone_domain/bsp/system.mss
TRACE::2021-02-03.15:25:59::SCWPlatform::Trying to open the hw design at /media/cliff/procom/verilog/proj/microBase/microBase.vitis/hwBlk_wrapper/hw/hwBlk_wrapper.xsa
TRACE::2021-02-03.15:25:59::SCWPlatform::DSA given /media/cliff/procom/verilog/proj/microBase/microBase.vitis/hwBlk_wrapper/hw/hwBlk_wrapper.xsa
TRACE::2021-02-03.15:25:59::SCWPlatform::DSA absoulate path /media/cliff/procom/verilog/proj/microBase/microBase.vitis/hwBlk_wrapper/hw/hwBlk_wrapper.xsa
TRACE::2021-02-03.15:25:59::SCWPlatform::DSA directory /media/cliff/procom/verilog/proj/microBase/microBase.vitis/hwBlk_wrapper/hw
TRACE::2021-02-03.15:25:59::SCWPlatform:: Platform Path /media/cliff/procom/verilog/proj/microBase/microBase.vitis/hwBlk_wrapper/hw/hwBlk_wrapper.xsa
TRACE::2021-02-03.15:25:59::SCWPlatform:: Unique name xilinx:kc705::0.0
TRACE::2021-02-03.15:25:59::SCWPlatform::Trying to set the existing hwdb with name hwBlk_wrapper_0
TRACE::2021-02-03.15:25:59::SCWPlatform::Opened existing hwdb hwBlk_wrapper_0
TRACE::2021-02-03.15:25:59::SCWPlatform::Found the Hw Db part of the input DSA
TRACE::2021-02-03.15:25:59::SCWMssOS::Checking the sw design at  /media/cliff/procom/verilog/proj/microBase/microBase.vitis/hwBlk_wrapper/microblaze_0/standalone_domain/bsp/system.mss
TRACE::2021-02-03.15:25:59::SCWMssOS::DEBUG:  swdes dump  /media/cliff/procom/verilog/proj/microBase/microBase.vitis/hwBlk_wrapper/microblaze_0/standalone_domain/bsp/system.mss|system||

TRACE::2021-02-03.15:25:59::SCWMssOS::Sw design exists and opened at  /media/cliff/procom/verilog/proj/microBase/microBase.vitis/hwBlk_wrapper/microblaze_0/standalone_domain/bsp/system.mss
TRACE::2021-02-03.15:25:59::SCWWriter::formatted JSON is {
	"platformName":	"hwBlk_wrapper",
	"sprVersion":	"2.0",
	"mode":	"gui",
	"dsaType":	"Fixed",
	"platformDesc":	"hwBlk_wrapper",
	"platHandOff":	"/media/cliff/procom/verilog/proj/microBase/hwBlk_wrapper.xsa",
	"platIntHandOff":	"<platformDir>/hw/hwBlk_wrapper.xsa",
	"deviceType":	"FPGA",
	"platIsPrebuiltAutogen":	"false",
	"platIsNoBootBsp":	"false",
	"hasFsblMakeHasChanges":	"false",
	"hasPmufwMakeHasChanges":	"false",
	"platPreBuiltFlag":	false,
	"platformSamplesDir":	"",
	"platActiveSys":	"hwBlk_wrapper",
	"systems":	[{
			"systemName":	"hwBlk_wrapper",
			"systemDesc":	"hwBlk_wrapper",
			"sysIsBootAutoGen":	"true",
			"systemDispName":	"hwBlk_wrapper",
			"sysActiveDom":	"standalone_domain",
			"sysDefaultDom":	"standalone_domain",
			"domains":	[{
					"domainName":	"standalone_domain",
					"domainDispName":	"standalone on microblaze_0",
					"domainDesc":	"standalone_domain",
					"processors":	"microblaze_0",
					"os":	"standalone",
					"sdxOs":	"standalone",
					"debugEnable":	"False",
					"domRuntimes":	["cpp"],
					"swRepo":	"",
					"mssOsVer":	"7.1",
					"mssFile":	"",
					"md5Digest":	"8c790f55416a062ce2c5791c05be62b1",
					"compatibleApp":	"peripheral_tests",
					"domType":	"mssDomain",
					"arch":	"32-bit",
					"appSettings":	{
						"appCompilerFlags":	"",
						"appLinkerFlags":	""
					},
					"addedLibs":	[],
					"libOptions":	{
						"libsContainingOptions":	[]
					},
					"prebuiltLibs":	{
						"prebuiltIncPath":	[],
						"prebuiltLibPath":	[]
					},
					"isolation":	{
					}
				}]
		}]
}
KEYINFO::2021-02-03.15:25:59::SCWPlatform::updated the xpfm file.
TRACE::2021-02-03.15:26:11::SCWPlatform::Clearing the existing platform
TRACE::2021-02-03.15:26:11::SCWSystem::Clearing the existing sysconfig
TRACE::2021-02-03.15:26:11::SCWMssOS::Removing the swdes entry for  /media/cliff/procom/verilog/proj/microBase/microBase.vitis/hwBlk_wrapper/microblaze_0/standalone_domain/bsp/system.mss
TRACE::2021-02-03.15:26:11::SCWSystem::Clearing the domains completed.
TRACE::2021-02-03.15:26:11::SCWPlatform::Clearing the opened hw db.
TRACE::2021-02-03.15:26:11::SCWPlatform::DSA given /media/cliff/procom/verilog/proj/microBase/microBase.vitis/hwBlk_wrapper/hw/hwBlk_wrapper.xsa
TRACE::2021-02-03.15:26:11::SCWPlatform::DSA absoulate path /media/cliff/procom/verilog/proj/microBase/microBase.vitis/hwBlk_wrapper/hw/hwBlk_wrapper.xsa
TRACE::2021-02-03.15:26:11::SCWPlatform:: Platform location is /media/cliff/procom/verilog/proj/microBase/microBase.vitis/hwBlk_wrapper/hw
TRACE::2021-02-03.15:26:11::SCWPlatform:: Platform Path /media/cliff/procom/verilog/proj/microBase/microBase.vitis/hwBlk_wrapper/hw/hwBlk_wrapper.xsa
TRACE::2021-02-03.15:26:11::SCWPlatform:: Unique name xilinx:kc705::0.0
TRACE::2021-02-03.15:26:11::SCWPlatform::Removing the HwDB with name /media/cliff/procom/verilog/proj/microBase/microBase.vitis/hwBlk_wrapper/hw/hwBlk_wrapper.xsa
TRACE::2021-02-03.15:26:11::SCWPlatform::Trying to open the hw design at /media/cliff/procom/verilog/proj/microBase/microBase.vitis/hwBlk_wrapper/hw/hwBlk_wrapper.xsa
TRACE::2021-02-03.15:26:11::SCWPlatform::DSA given /media/cliff/procom/verilog/proj/microBase/microBase.vitis/hwBlk_wrapper/hw/hwBlk_wrapper.xsa
TRACE::2021-02-03.15:26:11::SCWPlatform::DSA absoulate path /media/cliff/procom/verilog/proj/microBase/microBase.vitis/hwBlk_wrapper/hw/hwBlk_wrapper.xsa
TRACE::2021-02-03.15:26:11::SCWPlatform::DSA directory /media/cliff/procom/verilog/proj/microBase/microBase.vitis/hwBlk_wrapper/hw
TRACE::2021-02-03.15:26:11::SCWPlatform:: Platform Path /media/cliff/procom/verilog/proj/microBase/microBase.vitis/hwBlk_wrapper/hw/hwBlk_wrapper.xsa
TRACE::2021-02-03.15:26:11::SCWPlatform:: Unique name xilinx:kc705::0.0
TRACE::2021-02-03.15:26:11::SCWPlatform::Do not have an existing db opened. 
TRACE::2021-02-03.15:26:12::SCWPlatform::Opened new HwDB with name hwBlk_wrapper_2
TRACE::2021-02-03.15:26:12::SCWReader::Active system found as  hwBlk_wrapper
TRACE::2021-02-03.15:26:12::SCWReader::Handling sysconfig hwBlk_wrapper
TRACE::2021-02-03.15:26:12::SCWDomain::checking for install qemu data   : 
TRACE::2021-02-03.15:26:12::SCWPlatform::Trying to open the hw design at /media/cliff/procom/verilog/proj/microBase/microBase.vitis/hwBlk_wrapper/hw/hwBlk_wrapper.xsa
TRACE::2021-02-03.15:26:12::SCWPlatform::DSA given /media/cliff/procom/verilog/proj/microBase/microBase.vitis/hwBlk_wrapper/hw/hwBlk_wrapper.xsa
TRACE::2021-02-03.15:26:12::SCWPlatform::DSA absoulate path /media/cliff/procom/verilog/proj/microBase/microBase.vitis/hwBlk_wrapper/hw/hwBlk_wrapper.xsa
TRACE::2021-02-03.15:26:12::SCWPlatform::DSA directory /media/cliff/procom/verilog/proj/microBase/microBase.vitis/hwBlk_wrapper/hw
TRACE::2021-02-03.15:26:12::SCWPlatform:: Platform Path /media/cliff/procom/verilog/proj/microBase/microBase.vitis/hwBlk_wrapper/hw/hwBlk_wrapper.xsa
TRACE::2021-02-03.15:26:12::SCWPlatform:: Unique name xilinx:kc705::0.0
TRACE::2021-02-03.15:26:12::SCWPlatform::Trying to set the existing hwdb with name hwBlk_wrapper_2
TRACE::2021-02-03.15:26:12::SCWPlatform::Opened existing hwdb hwBlk_wrapper_2
TRACE::2021-02-03.15:26:12::SCWPlatform::Found the Hw Db part of the input DSA
TRACE::2021-02-03.15:26:12::SCWPlatform::Trying to open the hw design at /media/cliff/procom/verilog/proj/microBase/microBase.vitis/hwBlk_wrapper/hw/hwBlk_wrapper.xsa
TRACE::2021-02-03.15:26:12::SCWPlatform::DSA given /media/cliff/procom/verilog/proj/microBase/microBase.vitis/hwBlk_wrapper/hw/hwBlk_wrapper.xsa
TRACE::2021-02-03.15:26:12::SCWPlatform::DSA absoulate path /media/cliff/procom/verilog/proj/microBase/microBase.vitis/hwBlk_wrapper/hw/hwBlk_wrapper.xsa
TRACE::2021-02-03.15:26:12::SCWPlatform::DSA directory /media/cliff/procom/verilog/proj/microBase/microBase.vitis/hwBlk_wrapper/hw
TRACE::2021-02-03.15:26:12::SCWPlatform:: Platform Path /media/cliff/procom/verilog/proj/microBase/microBase.vitis/hwBlk_wrapper/hw/hwBlk_wrapper.xsa
TRACE::2021-02-03.15:26:12::SCWPlatform:: Unique name xilinx:kc705::0.0
TRACE::2021-02-03.15:26:12::SCWPlatform::Trying to set the existing hwdb with name hwBlk_wrapper_2
TRACE::2021-02-03.15:26:12::SCWPlatform::Opened existing hwdb hwBlk_wrapper_2
TRACE::2021-02-03.15:26:12::SCWPlatform::Found the Hw Db part of the input DSA
TRACE::2021-02-03.15:26:12::SCWPlatform::Trying to open the hw design at /media/cliff/procom/verilog/proj/microBase/microBase.vitis/hwBlk_wrapper/hw/hwBlk_wrapper.xsa
TRACE::2021-02-03.15:26:12::SCWPlatform::DSA given /media/cliff/procom/verilog/proj/microBase/microBase.vitis/hwBlk_wrapper/hw/hwBlk_wrapper.xsa
TRACE::2021-02-03.15:26:12::SCWPlatform::DSA absoulate path /media/cliff/procom/verilog/proj/microBase/microBase.vitis/hwBlk_wrapper/hw/hwBlk_wrapper.xsa
TRACE::2021-02-03.15:26:12::SCWPlatform::DSA directory /media/cliff/procom/verilog/proj/microBase/microBase.vitis/hwBlk_wrapper/hw
TRACE::2021-02-03.15:26:12::SCWPlatform:: Platform Path /media/cliff/procom/verilog/proj/microBase/microBase.vitis/hwBlk_wrapper/hw/hwBlk_wrapper.xsa
TRACE::2021-02-03.15:26:12::SCWPlatform:: Unique name xilinx:kc705::0.0
TRACE::2021-02-03.15:26:12::SCWPlatform::Trying to set the existing hwdb with name hwBlk_wrapper_2
TRACE::2021-02-03.15:26:12::SCWPlatform::Opened existing hwdb hwBlk_wrapper_2
TRACE::2021-02-03.15:26:12::SCWPlatform::Found the Hw Db part of the input DSA
TRACE::2021-02-03.15:26:12::SCWMssOS::Checking the sw design at  /media/cliff/procom/verilog/proj/microBase/microBase.vitis/hwBlk_wrapper/microblaze_0/standalone_domain/bsp/system.mss
TRACE::2021-02-03.15:26:12::SCWMssOS::DEBUG:  swdes dump  
TRACE::2021-02-03.15:26:12::SCWMssOS::No sw design opened at  /media/cliff/procom/verilog/proj/microBase/microBase.vitis/hwBlk_wrapper/microblaze_0/standalone_domain/bsp/system.mss
TRACE::2021-02-03.15:26:12::SCWMssOS::mss exists loading the mss file  /media/cliff/procom/verilog/proj/microBase/microBase.vitis/hwBlk_wrapper/microblaze_0/standalone_domain/bsp/system.mss
TRACE::2021-02-03.15:26:12::SCWMssOS::Opened the sw design from mss  /media/cliff/procom/verilog/proj/microBase/microBase.vitis/hwBlk_wrapper/microblaze_0/standalone_domain/bsp/system.mss
TRACE::2021-02-03.15:26:12::SCWMssOS::Adding the swdes entry /media/cliff/procom/verilog/proj/microBase/microBase.vitis/hwBlk_wrapper/microblaze_0/standalone_domain/bsp/system.mss with des name system
TRACE::2021-02-03.15:26:12::SCWMssOS::updating the scw layer about changes
TRACE::2021-02-03.15:26:12::SCWMssOS::Opened the sw design.  /media/cliff/procom/verilog/proj/microBase/microBase.vitis/hwBlk_wrapper/microblaze_0/standalone_domain/bsp/system.mss
TRACE::2021-02-03.15:26:12::SCWReader::Adding prebuilt librarypaths as   
TRACE::2021-02-03.15:26:12::SCWReader::Adding prebuilt incpaths  as   
TRACE::2021-02-03.15:26:12::SCWPlatform::Trying to open the hw design at /media/cliff/procom/verilog/proj/microBase/microBase.vitis/hwBlk_wrapper/hw/hwBlk_wrapper.xsa
TRACE::2021-02-03.15:26:12::SCWPlatform::DSA given /media/cliff/procom/verilog/proj/microBase/microBase.vitis/hwBlk_wrapper/hw/hwBlk_wrapper.xsa
TRACE::2021-02-03.15:26:12::SCWPlatform::DSA absoulate path /media/cliff/procom/verilog/proj/microBase/microBase.vitis/hwBlk_wrapper/hw/hwBlk_wrapper.xsa
TRACE::2021-02-03.15:26:12::SCWPlatform::DSA directory /media/cliff/procom/verilog/proj/microBase/microBase.vitis/hwBlk_wrapper/hw
TRACE::2021-02-03.15:26:12::SCWPlatform:: Platform Path /media/cliff/procom/verilog/proj/microBase/microBase.vitis/hwBlk_wrapper/hw/hwBlk_wrapper.xsa
TRACE::2021-02-03.15:26:12::SCWPlatform:: Unique name xilinx:kc705::0.0
TRACE::2021-02-03.15:26:12::SCWPlatform::Trying to set the existing hwdb with name hwBlk_wrapper_2
TRACE::2021-02-03.15:26:12::SCWPlatform::Opened existing hwdb hwBlk_wrapper_2
TRACE::2021-02-03.15:26:12::SCWPlatform::Found the Hw Db part of the input DSA
TRACE::2021-02-03.15:26:12::SCWMssOS::Checking the sw design at  /media/cliff/procom/verilog/proj/microBase/microBase.vitis/hwBlk_wrapper/microblaze_0/standalone_domain/bsp/system.mss
TRACE::2021-02-03.15:26:12::SCWMssOS::DEBUG:  swdes dump  /media/cliff/procom/verilog/proj/microBase/microBase.vitis/hwBlk_wrapper/microblaze_0/standalone_domain/bsp/system.mss|system||

TRACE::2021-02-03.15:26:12::SCWMssOS::Sw design exists and opened at  /media/cliff/procom/verilog/proj/microBase/microBase.vitis/hwBlk_wrapper/microblaze_0/standalone_domain/bsp/system.mss
TRACE::2021-02-03.15:26:12::SCWReader::No isolation master present  
TRACE::2021-02-03.15:26:12::SCWPlatform::Trying to open the hw design at /media/cliff/procom/verilog/proj/microBase/microBase.vitis/hwBlk_wrapper/hw/hwBlk_wrapper.xsa
TRACE::2021-02-03.15:26:12::SCWPlatform::DSA given /media/cliff/procom/verilog/proj/microBase/microBase.vitis/hwBlk_wrapper/hw/hwBlk_wrapper.xsa
TRACE::2021-02-03.15:26:12::SCWPlatform::DSA absoulate path /media/cliff/procom/verilog/proj/microBase/microBase.vitis/hwBlk_wrapper/hw/hwBlk_wrapper.xsa
TRACE::2021-02-03.15:26:12::SCWPlatform::DSA directory /media/cliff/procom/verilog/proj/microBase/microBase.vitis/hwBlk_wrapper/hw
TRACE::2021-02-03.15:26:12::SCWPlatform:: Platform Path /media/cliff/procom/verilog/proj/microBase/microBase.vitis/hwBlk_wrapper/hw/hwBlk_wrapper.xsa
TRACE::2021-02-03.15:26:12::SCWPlatform:: Unique name xilinx:kc705::0.0
TRACE::2021-02-03.15:26:12::SCWPlatform::Trying to set the existing hwdb with name hwBlk_wrapper_2
TRACE::2021-02-03.15:26:12::SCWPlatform::Opened existing hwdb hwBlk_wrapper_2
TRACE::2021-02-03.15:26:12::SCWPlatform::Found the Hw Db part of the input DSA
TRACE::2021-02-03.15:26:12::SCWMssOS::Checking the sw design at  /media/cliff/procom/verilog/proj/microBase/microBase.vitis/hwBlk_wrapper/microblaze_0/standalone_domain/bsp/system.mss
TRACE::2021-02-03.15:26:12::SCWMssOS::DEBUG:  swdes dump  /media/cliff/procom/verilog/proj/microBase/microBase.vitis/hwBlk_wrapper/microblaze_0/standalone_domain/bsp/system.mss|system||

TRACE::2021-02-03.15:26:12::SCWMssOS::Sw design exists and opened at  /media/cliff/procom/verilog/proj/microBase/microBase.vitis/hwBlk_wrapper/microblaze_0/standalone_domain/bsp/system.mss
TRACE::2021-02-03.15:26:13::SCWMssOS::In reload Mss file.
TRACE::2021-02-03.15:26:13::SCWPlatform::Trying to open the hw design at /media/cliff/procom/verilog/proj/microBase/microBase.vitis/hwBlk_wrapper/hw/hwBlk_wrapper.xsa
TRACE::2021-02-03.15:26:14::SCWPlatform::DSA given /media/cliff/procom/verilog/proj/microBase/microBase.vitis/hwBlk_wrapper/hw/hwBlk_wrapper.xsa
TRACE::2021-02-03.15:26:14::SCWPlatform::DSA absoulate path /media/cliff/procom/verilog/proj/microBase/microBase.vitis/hwBlk_wrapper/hw/hwBlk_wrapper.xsa
TRACE::2021-02-03.15:26:14::SCWPlatform::DSA directory /media/cliff/procom/verilog/proj/microBase/microBase.vitis/hwBlk_wrapper/hw
TRACE::2021-02-03.15:26:14::SCWPlatform:: Platform Path /media/cliff/procom/verilog/proj/microBase/microBase.vitis/hwBlk_wrapper/hw/hwBlk_wrapper.xsa
TRACE::2021-02-03.15:26:14::SCWPlatform:: Unique name xilinx:kc705::0.0
TRACE::2021-02-03.15:26:14::SCWPlatform::Trying to set the existing hwdb with name hwBlk_wrapper_2
TRACE::2021-02-03.15:26:14::SCWPlatform::Opened existing hwdb hwBlk_wrapper_2
TRACE::2021-02-03.15:26:14::SCWPlatform::Found the Hw Db part of the input DSA
TRACE::2021-02-03.15:26:14::SCWMssOS::Checking the sw design at  /media/cliff/procom/verilog/proj/microBase/microBase.vitis/hwBlk_wrapper/microblaze_0/standalone_domain/bsp/system.mss
TRACE::2021-02-03.15:26:14::SCWMssOS::DEBUG:  swdes dump  /media/cliff/procom/verilog/proj/microBase/microBase.vitis/hwBlk_wrapper/microblaze_0/standalone_domain/bsp/system.mss|system||

KEYINFO::2021-02-03.15:26:14::SCWMssOS::Could not open the swdb for system
KEYINFO::2021-02-03.15:26:14::SCWMssOS::Could not open the sw design at  system
ERROR: [Hsi 55-1558] Software Design system is not found

TRACE::2021-02-03.15:26:14::SCWMssOS::Cleared the swdb table entry
TRACE::2021-02-03.15:26:14::SCWMssOS::No sw design opened at  /media/cliff/procom/verilog/proj/microBase/microBase.vitis/hwBlk_wrapper/microblaze_0/standalone_domain/bsp/system.mss
TRACE::2021-02-03.15:26:14::SCWMssOS::mss exists loading the mss file  /media/cliff/procom/verilog/proj/microBase/microBase.vitis/hwBlk_wrapper/microblaze_0/standalone_domain/bsp/system.mss
TRACE::2021-02-03.15:26:14::SCWMssOS::Opened the sw design from mss  /media/cliff/procom/verilog/proj/microBase/microBase.vitis/hwBlk_wrapper/microblaze_0/standalone_domain/bsp/system.mss
TRACE::2021-02-03.15:26:14::SCWMssOS::Adding the swdes entry /media/cliff/procom/verilog/proj/microBase/microBase.vitis/hwBlk_wrapper/microblaze_0/standalone_domain/bsp/system.mss with des name system
TRACE::2021-02-03.15:26:14::SCWMssOS::updating the scw layer about changes
TRACE::2021-02-03.15:26:14::SCWMssOS::Opened the sw design.  /media/cliff/procom/verilog/proj/microBase/microBase.vitis/hwBlk_wrapper/microblaze_0/standalone_domain/bsp/system.mss
TRACE::2021-02-03.15:26:14::SCWPlatform::Trying to open the hw design at /media/cliff/procom/verilog/proj/microBase/microBase.vitis/hwBlk_wrapper/hw/hwBlk_wrapper.xsa
TRACE::2021-02-03.15:26:14::SCWPlatform::DSA given /media/cliff/procom/verilog/proj/microBase/microBase.vitis/hwBlk_wrapper/hw/hwBlk_wrapper.xsa
TRACE::2021-02-03.15:26:14::SCWPlatform::DSA absoulate path /media/cliff/procom/verilog/proj/microBase/microBase.vitis/hwBlk_wrapper/hw/hwBlk_wrapper.xsa
TRACE::2021-02-03.15:26:14::SCWPlatform::DSA directory /media/cliff/procom/verilog/proj/microBase/microBase.vitis/hwBlk_wrapper/hw
TRACE::2021-02-03.15:26:14::SCWPlatform:: Platform Path /media/cliff/procom/verilog/proj/microBase/microBase.vitis/hwBlk_wrapper/hw/hwBlk_wrapper.xsa
TRACE::2021-02-03.15:26:14::SCWPlatform:: Unique name xilinx:kc705::0.0
TRACE::2021-02-03.15:26:14::SCWPlatform::Trying to set the existing hwdb with name hwBlk_wrapper_2
TRACE::2021-02-03.15:26:14::SCWPlatform::Opened existing hwdb hwBlk_wrapper_2
TRACE::2021-02-03.15:26:14::SCWPlatform::Found the Hw Db part of the input DSA
TRACE::2021-02-03.15:26:14::SCWMssOS::Checking the sw design at  /media/cliff/procom/verilog/proj/microBase/microBase.vitis/hwBlk_wrapper/microblaze_0/standalone_domain/bsp/system.mss
TRACE::2021-02-03.15:26:14::SCWMssOS::DEBUG:  swdes dump  /media/cliff/procom/verilog/proj/microBase/microBase.vitis/hwBlk_wrapper/microblaze_0/standalone_domain/bsp/system.mss|system||

TRACE::2021-02-03.15:26:14::SCWMssOS::Sw design exists and opened at  /media/cliff/procom/verilog/proj/microBase/microBase.vitis/hwBlk_wrapper/microblaze_0/standalone_domain/bsp/system.mss
TRACE::2021-02-03.15:26:14::SCWMssOS::Removing the swdes entry for  /media/cliff/procom/verilog/proj/microBase/microBase.vitis/hwBlk_wrapper/microblaze_0/standalone_domain/bsp/system.mss
TRACE::2021-02-03.15:26:30::SCWPlatform::Trying to open the hw design at /media/cliff/procom/verilog/proj/microBase/microBase.vitis/hwBlk_wrapper/hw/hwBlk_wrapper.xsa
TRACE::2021-02-03.15:26:30::SCWPlatform::DSA given /media/cliff/procom/verilog/proj/microBase/microBase.vitis/hwBlk_wrapper/hw/hwBlk_wrapper.xsa
TRACE::2021-02-03.15:26:30::SCWPlatform::DSA absoulate path /media/cliff/procom/verilog/proj/microBase/microBase.vitis/hwBlk_wrapper/hw/hwBlk_wrapper.xsa
TRACE::2021-02-03.15:26:30::SCWPlatform::DSA directory /media/cliff/procom/verilog/proj/microBase/microBase.vitis/hwBlk_wrapper/hw
TRACE::2021-02-03.15:26:30::SCWPlatform:: Platform Path /media/cliff/procom/verilog/proj/microBase/microBase.vitis/hwBlk_wrapper/hw/hwBlk_wrapper.xsa
TRACE::2021-02-03.15:26:30::SCWPlatform:: Unique name xilinx:kc705::0.0
TRACE::2021-02-03.15:26:30::SCWPlatform::Trying to set the existing hwdb with name hwBlk_wrapper_2
TRACE::2021-02-03.15:26:30::SCWPlatform::Opened existing hwdb hwBlk_wrapper_2
TRACE::2021-02-03.15:26:30::SCWPlatform::Found the Hw Db part of the input DSA
TRACE::2021-02-03.15:26:30::SCWMssOS::Checking the sw design at  /media/cliff/procom/verilog/proj/microBase/microBase.vitis/hwBlk_wrapper/microblaze_0/standalone_domain/bsp/system.mss
TRACE::2021-02-03.15:26:30::SCWMssOS::DEBUG:  swdes dump  
TRACE::2021-02-03.15:26:30::SCWMssOS::No sw design opened at  /media/cliff/procom/verilog/proj/microBase/microBase.vitis/hwBlk_wrapper/microblaze_0/standalone_domain/bsp/system.mss
TRACE::2021-02-03.15:26:30::SCWMssOS::mss exists loading the mss file  /media/cliff/procom/verilog/proj/microBase/microBase.vitis/hwBlk_wrapper/microblaze_0/standalone_domain/bsp/system.mss
TRACE::2021-02-03.15:26:30::SCWMssOS::Opened the sw design from mss  /media/cliff/procom/verilog/proj/microBase/microBase.vitis/hwBlk_wrapper/microblaze_0/standalone_domain/bsp/system.mss
TRACE::2021-02-03.15:26:30::SCWMssOS::Adding the swdes entry /media/cliff/procom/verilog/proj/microBase/microBase.vitis/hwBlk_wrapper/microblaze_0/standalone_domain/bsp/system.mss with des name system
TRACE::2021-02-03.15:26:30::SCWMssOS::updating the scw layer about changes
TRACE::2021-02-03.15:26:30::SCWMssOS::Opened the sw design.  /media/cliff/procom/verilog/proj/microBase/microBase.vitis/hwBlk_wrapper/microblaze_0/standalone_domain/bsp/system.mss
TRACE::2021-02-03.15:26:47::SCWMssOS::In reload Mss file.
TRACE::2021-02-03.15:26:47::SCWPlatform::Trying to open the hw design at /media/cliff/procom/verilog/proj/microBase/microBase.vitis/hwBlk_wrapper/hw/hwBlk_wrapper.xsa
TRACE::2021-02-03.15:26:47::SCWPlatform::DSA given /media/cliff/procom/verilog/proj/microBase/microBase.vitis/hwBlk_wrapper/hw/hwBlk_wrapper.xsa
TRACE::2021-02-03.15:26:47::SCWPlatform::DSA absoulate path /media/cliff/procom/verilog/proj/microBase/microBase.vitis/hwBlk_wrapper/hw/hwBlk_wrapper.xsa
TRACE::2021-02-03.15:26:47::SCWPlatform::DSA directory /media/cliff/procom/verilog/proj/microBase/microBase.vitis/hwBlk_wrapper/hw
TRACE::2021-02-03.15:26:47::SCWPlatform:: Platform Path /media/cliff/procom/verilog/proj/microBase/microBase.vitis/hwBlk_wrapper/hw/hwBlk_wrapper.xsa
TRACE::2021-02-03.15:26:47::SCWPlatform:: Unique name xilinx:kc705::0.0
TRACE::2021-02-03.15:26:47::SCWPlatform::Trying to set the existing hwdb with name hwBlk_wrapper_2
TRACE::2021-02-03.15:26:47::SCWPlatform::Opened existing hwdb hwBlk_wrapper_2
TRACE::2021-02-03.15:26:47::SCWPlatform::Found the Hw Db part of the input DSA
TRACE::2021-02-03.15:26:47::SCWMssOS::Checking the sw design at  /media/cliff/procom/verilog/proj/microBase/microBase.vitis/hwBlk_wrapper/microblaze_0/standalone_domain/bsp/system.mss
TRACE::2021-02-03.15:26:47::SCWMssOS::DEBUG:  swdes dump  /media/cliff/procom/verilog/proj/microBase/microBase.vitis/hwBlk_wrapper/microblaze_0/standalone_domain/bsp/system.mss|system||

KEYINFO::2021-02-03.15:26:47::SCWMssOS::Could not open the swdb for system
KEYINFO::2021-02-03.15:26:47::SCWMssOS::Could not open the sw design at  system
ERROR: [Hsi 55-1558] Software Design system is not found

TRACE::2021-02-03.15:26:47::SCWMssOS::Cleared the swdb table entry
TRACE::2021-02-03.15:26:47::SCWMssOS::No sw design opened at  /media/cliff/procom/verilog/proj/microBase/microBase.vitis/hwBlk_wrapper/microblaze_0/standalone_domain/bsp/system.mss
TRACE::2021-02-03.15:26:47::SCWMssOS::mss exists loading the mss file  /media/cliff/procom/verilog/proj/microBase/microBase.vitis/hwBlk_wrapper/microblaze_0/standalone_domain/bsp/system.mss
TRACE::2021-02-03.15:26:47::SCWMssOS::Opened the sw design from mss  /media/cliff/procom/verilog/proj/microBase/microBase.vitis/hwBlk_wrapper/microblaze_0/standalone_domain/bsp/system.mss
TRACE::2021-02-03.15:26:47::SCWMssOS::Adding the swdes entry /media/cliff/procom/verilog/proj/microBase/microBase.vitis/hwBlk_wrapper/microblaze_0/standalone_domain/bsp/system.mss with des name system
TRACE::2021-02-03.15:26:47::SCWMssOS::updating the scw layer about changes
TRACE::2021-02-03.15:26:47::SCWMssOS::Opened the sw design.  /media/cliff/procom/verilog/proj/microBase/microBase.vitis/hwBlk_wrapper/microblaze_0/standalone_domain/bsp/system.mss
TRACE::2021-02-03.15:26:47::SCWPlatform::Trying to open the hw design at /media/cliff/procom/verilog/proj/microBase/microBase.vitis/hwBlk_wrapper/hw/hwBlk_wrapper.xsa
TRACE::2021-02-03.15:26:47::SCWPlatform::DSA given /media/cliff/procom/verilog/proj/microBase/microBase.vitis/hwBlk_wrapper/hw/hwBlk_wrapper.xsa
TRACE::2021-02-03.15:26:47::SCWPlatform::DSA absoulate path /media/cliff/procom/verilog/proj/microBase/microBase.vitis/hwBlk_wrapper/hw/hwBlk_wrapper.xsa
TRACE::2021-02-03.15:26:47::SCWPlatform::DSA directory /media/cliff/procom/verilog/proj/microBase/microBase.vitis/hwBlk_wrapper/hw
TRACE::2021-02-03.15:26:47::SCWPlatform:: Platform Path /media/cliff/procom/verilog/proj/microBase/microBase.vitis/hwBlk_wrapper/hw/hwBlk_wrapper.xsa
TRACE::2021-02-03.15:26:47::SCWPlatform:: Unique name xilinx:kc705::0.0
TRACE::2021-02-03.15:26:47::SCWPlatform::Trying to set the existing hwdb with name hwBlk_wrapper_2
TRACE::2021-02-03.15:26:47::SCWPlatform::Opened existing hwdb hwBlk_wrapper_2
TRACE::2021-02-03.15:26:47::SCWPlatform::Found the Hw Db part of the input DSA
TRACE::2021-02-03.15:26:47::SCWMssOS::Checking the sw design at  /media/cliff/procom/verilog/proj/microBase/microBase.vitis/hwBlk_wrapper/microblaze_0/standalone_domain/bsp/system.mss
TRACE::2021-02-03.15:26:47::SCWMssOS::DEBUG:  swdes dump  /media/cliff/procom/verilog/proj/microBase/microBase.vitis/hwBlk_wrapper/microblaze_0/standalone_domain/bsp/system.mss|system||

TRACE::2021-02-03.15:26:47::SCWMssOS::Sw design exists and opened at  /media/cliff/procom/verilog/proj/microBase/microBase.vitis/hwBlk_wrapper/microblaze_0/standalone_domain/bsp/system.mss
TRACE::2021-02-03.15:26:47::SCWMssOS::Removing the swdes entry for  /media/cliff/procom/verilog/proj/microBase/microBase.vitis/hwBlk_wrapper/microblaze_0/standalone_domain/bsp/system.mss
LOG::2021-02-03.15:27:02::SCWPlatform::Started generating the artifacts platform hwBlk_wrapper
TRACE::2021-02-03.15:27:02::SCWPlatform::Sanity checking of platform is completed
LOG::2021-02-03.15:27:02::SCWPlatform::Started generating the artifacts for system configuration hwBlk_wrapper
LOG::2021-02-03.15:27:02::SCWSystem::Checking the domain standalone_domain
LOG::2021-02-03.15:27:02::SCWSystem::Not a boot domain 
LOG::2021-02-03.15:27:02::SCWSystem::Started Processing the domain standalone_domain
TRACE::2021-02-03.15:27:02::SCWDomain::Generating domain artifcats
TRACE::2021-02-03.15:27:02::SCWMssOS::Generating standalone artifcats
TRACE::2021-02-03.15:27:02::SCWMssOS:: Copying the user libraries. 
TRACE::2021-02-03.15:27:02::SCWPlatform::Trying to open the hw design at /media/cliff/procom/verilog/proj/microBase/microBase.vitis/hwBlk_wrapper/hw/hwBlk_wrapper.xsa
TRACE::2021-02-03.15:27:02::SCWPlatform::DSA given /media/cliff/procom/verilog/proj/microBase/microBase.vitis/hwBlk_wrapper/hw/hwBlk_wrapper.xsa
TRACE::2021-02-03.15:27:02::SCWPlatform::DSA absoulate path /media/cliff/procom/verilog/proj/microBase/microBase.vitis/hwBlk_wrapper/hw/hwBlk_wrapper.xsa
TRACE::2021-02-03.15:27:02::SCWPlatform::DSA directory /media/cliff/procom/verilog/proj/microBase/microBase.vitis/hwBlk_wrapper/hw
TRACE::2021-02-03.15:27:02::SCWPlatform:: Platform Path /media/cliff/procom/verilog/proj/microBase/microBase.vitis/hwBlk_wrapper/hw/hwBlk_wrapper.xsa
TRACE::2021-02-03.15:27:02::SCWPlatform:: Unique name xilinx:kc705::0.0
TRACE::2021-02-03.15:27:02::SCWPlatform::Trying to set the existing hwdb with name hwBlk_wrapper_2
TRACE::2021-02-03.15:27:02::SCWPlatform::Opened existing hwdb hwBlk_wrapper_2
TRACE::2021-02-03.15:27:02::SCWPlatform::Found the Hw Db part of the input DSA
TRACE::2021-02-03.15:27:02::SCWMssOS::Checking the sw design at  /media/cliff/procom/verilog/proj/microBase/microBase.vitis/hwBlk_wrapper/microblaze_0/standalone_domain/bsp/system.mss
TRACE::2021-02-03.15:27:02::SCWMssOS::DEBUG:  swdes dump  
TRACE::2021-02-03.15:27:02::SCWMssOS::No sw design opened at  /media/cliff/procom/verilog/proj/microBase/microBase.vitis/hwBlk_wrapper/microblaze_0/standalone_domain/bsp/system.mss
TRACE::2021-02-03.15:27:02::SCWMssOS::mss exists loading the mss file  /media/cliff/procom/verilog/proj/microBase/microBase.vitis/hwBlk_wrapper/microblaze_0/standalone_domain/bsp/system.mss
TRACE::2021-02-03.15:27:02::SCWMssOS::Opened the sw design from mss  /media/cliff/procom/verilog/proj/microBase/microBase.vitis/hwBlk_wrapper/microblaze_0/standalone_domain/bsp/system.mss
TRACE::2021-02-03.15:27:02::SCWMssOS::Adding the swdes entry /media/cliff/procom/verilog/proj/microBase/microBase.vitis/hwBlk_wrapper/microblaze_0/standalone_domain/bsp/system.mss with des name system
TRACE::2021-02-03.15:27:02::SCWMssOS::updating the scw layer about changes
TRACE::2021-02-03.15:27:02::SCWMssOS::Opened the sw design.  /media/cliff/procom/verilog/proj/microBase/microBase.vitis/hwBlk_wrapper/microblaze_0/standalone_domain/bsp/system.mss
TRACE::2021-02-03.15:27:02::SCWMssOS::Completed writing the mss file at /media/cliff/procom/verilog/proj/microBase/microBase.vitis/hwBlk_wrapper/microblaze_0/standalone_domain/bsp
TRACE::2021-02-03.15:27:02::SCWMssOS::Mss edits present, copying mssfile into export location /media/cliff/procom/verilog/proj/microBase/microBase.vitis/hwBlk_wrapper/microblaze_0/standalone_domain/bsp/system.mss
TRACE::2021-02-03.15:27:02::SCWMssOS::bsp generated is upto date with the mss file. Skipping bsp generation.
TRACE::2021-02-03.15:27:02::SCWMssOS::BSP is already built. skipping the bsp build ... 
TRACE::2021-02-03.15:27:02::SCWDomain::Building the domain as part of full build :  standalone_domain
TRACE::2021-02-03.15:27:02::SCWMssOS::doing bsp build ... 
TRACE::2021-02-03.15:27:02::SCWMssOS::System Command Ran  cd  /media/cliff/procom/verilog/proj/microBase/microBase.vitis/hwBlk_wrapper/microblaze_0/standalone_domain/bsp ; bash -c "make  " 
TRACE::2021-02-03.15:27:02::SCWMssOS::Running Make include in microblaze_0/libsrc/tmrctr_v4_5/src

TRACE::2021-02-03.15:27:02::SCWMssOS::make -C microblaze_0/libsrc/tmrctr_v4_5/src -s include  "SHELL=/bin/sh" "COMPILER=mb-gcc" "ASSEMBLER=mb-as" "ARCHIVER=mb-ar" "C
TRACE::2021-02-03.15:27:02::SCWMssOS::OMPILER_FLAGS=  -O2 -c -mcpu=v11.0 -mlittle-endian -mxl-soft-mul" "EXTRA_COMPILER_FLAGS=-g -ffunction-sections -fdata-sections 
TRACE::2021-02-03.15:27:02::SCWMssOS::-Wall -Wextra"

TRACE::2021-02-03.15:27:02::SCWMssOS::Running Make include in microblaze_0/libsrc/uartlite_v3_3/src

TRACE::2021-02-03.15:27:02::SCWMssOS::make -C microblaze_0/libsrc/uartlite_v3_3/src -s include  "SHELL=/bin/sh" "COMPILER=mb-gcc" "ASSEMBLER=mb-as" "ARCHIVER=mb-ar" 
TRACE::2021-02-03.15:27:02::SCWMssOS::"COMPILER_FLAGS=  -O2 -c -mcpu=v11.0 -mlittle-endian -mxl-soft-mul" "EXTRA_COMPILER_FLAGS=-g -ffunction-sections -fdata-section
TRACE::2021-02-03.15:27:02::SCWMssOS::s -Wall -Wextra"

TRACE::2021-02-03.15:27:02::SCWMssOS::Running Make include in microblaze_0/libsrc/bram_v4_3/src

TRACE::2021-02-03.15:27:02::SCWMssOS::make -C microblaze_0/libsrc/bram_v4_3/src -s include  "SHELL=/bin/sh" "COMPILER=mb-gcc" "ASSEMBLER=mb-as" "ARCHIVER=mb-ar" "COM
TRACE::2021-02-03.15:27:02::SCWMssOS::PILER_FLAGS=  -O2 -c -mcpu=v11.0 -mlittle-endian -mxl-soft-mul" "EXTRA_COMPILER_FLAGS=-g -ffunction-sections -fdata-sections -W
TRACE::2021-02-03.15:27:02::SCWMssOS::all -Wextra"

TRACE::2021-02-03.15:27:02::SCWMssOS::Running Make include in microblaze_0/libsrc/standalone_v7_1/src

TRACE::2021-02-03.15:27:02::SCWMssOS::make -C microblaze_0/libsrc/standalone_v7_1/src -s include  "SHELL=/bin/sh" "COMPILER=mb-gcc" "ASSEMBLER=mb-as" "ARCHIVER=mb-ar
TRACE::2021-02-03.15:27:02::SCWMssOS::" "COMPILER_FLAGS=  -O2 -c -mcpu=v11.0 -mlittle-endian -mxl-soft-mul" "EXTRA_COMPILER_FLAGS=-g -ffunction-sections -fdata-secti
TRACE::2021-02-03.15:27:02::SCWMssOS::ons -Wall -Wextra"

TRACE::2021-02-03.15:27:02::SCWMssOS::Running Make include in microblaze_0/libsrc/gpio_v4_5/src

TRACE::2021-02-03.15:27:02::SCWMssOS::make -C microblaze_0/libsrc/gpio_v4_5/src -s include  "SHELL=/bin/sh" "COMPILER=mb-gcc" "ASSEMBLER=mb-as" "ARCHIVER=mb-ar" "COM
TRACE::2021-02-03.15:27:02::SCWMssOS::PILER_FLAGS=  -O2 -c -mcpu=v11.0 -mlittle-endian -mxl-soft-mul" "EXTRA_COMPILER_FLAGS=-g -ffunction-sections -fdata-sections -W
TRACE::2021-02-03.15:27:02::SCWMssOS::all -Wextra"

TRACE::2021-02-03.15:27:02::SCWMssOS::Running Make include in microblaze_0/libsrc/cpu_v2_10/src

TRACE::2021-02-03.15:27:02::SCWMssOS::make -C microblaze_0/libsrc/cpu_v2_10/src -s include  "SHELL=/bin/sh" "COMPILER=mb-gcc" "ASSEMBLER=mb-as" "ARCHIVER=mb-ar" "COM
TRACE::2021-02-03.15:27:02::SCWMssOS::PILER_FLAGS=  -O2 -c -mcpu=v11.0 -mlittle-endian -mxl-soft-mul" "EXTRA_COMPILER_FLAGS=-g -ffunction-sections -fdata-sections -W
TRACE::2021-02-03.15:27:02::SCWMssOS::all -Wextra"

TRACE::2021-02-03.15:27:02::SCWMssOS::Running Make include in microblaze_0/libsrc/intc_v3_10/src

TRACE::2021-02-03.15:27:02::SCWMssOS::make -C microblaze_0/libsrc/intc_v3_10/src -s include  "SHELL=/bin/sh" "COMPILER=mb-gcc" "ASSEMBLER=mb-as" "ARCHIVER=mb-ar" "CO
TRACE::2021-02-03.15:27:02::SCWMssOS::MPILER_FLAGS=  -O2 -c -mcpu=v11.0 -mlittle-endian -mxl-soft-mul" "EXTRA_COMPILER_FLAGS=-g -ffunction-sections -fdata-sections -
TRACE::2021-02-03.15:27:02::SCWMssOS::Wall -Wextra"

TRACE::2021-02-03.15:27:02::SCWMssOS::Running Make libs in microblaze_0/libsrc/tmrctr_v4_5/src

TRACE::2021-02-03.15:27:02::SCWMssOS::make -C microblaze_0/libsrc/tmrctr_v4_5/src -s libs  "SHELL=/bin/sh" "COMPILER=mb-gcc" "ASSEMBLER=mb-as" "ARCHIVER=mb-ar" "COMP
TRACE::2021-02-03.15:27:02::SCWMssOS::ILER_FLAGS=  -O2 -c -mcpu=v11.0 -mlittle-endian -mxl-soft-mul" "EXTRA_COMPILER_FLAGS=-g -ffunction-sections -fdata-sections -Wa
TRACE::2021-02-03.15:27:02::SCWMssOS::ll -Wextra"

TRACE::2021-02-03.15:27:02::SCWMssOS::Compiling tmrctr

TRACE::2021-02-03.15:27:03::SCWMssOS::Running Make libs in microblaze_0/libsrc/uartlite_v3_3/src

TRACE::2021-02-03.15:27:03::SCWMssOS::make -C microblaze_0/libsrc/uartlite_v3_3/src -s libs  "SHELL=/bin/sh" "COMPILER=mb-gcc" "ASSEMBLER=mb-as" "ARCHIVER=mb-ar" "CO
TRACE::2021-02-03.15:27:03::SCWMssOS::MPILER_FLAGS=  -O2 -c -mcpu=v11.0 -mlittle-endian -mxl-soft-mul" "EXTRA_COMPILER_FLAGS=-g -ffunction-sections -fdata-sections -
TRACE::2021-02-03.15:27:03::SCWMssOS::Wall -Wextra"

TRACE::2021-02-03.15:27:03::SCWMssOS::Compiling uartlite

TRACE::2021-02-03.15:27:03::SCWMssOS::Running Make libs in microblaze_0/libsrc/bram_v4_3/src

TRACE::2021-02-03.15:27:03::SCWMssOS::make -C microblaze_0/libsrc/bram_v4_3/src -s libs  "SHELL=/bin/sh" "COMPILER=mb-gcc" "ASSEMBLER=mb-as" "ARCHIVER=mb-ar" "COMPIL
TRACE::2021-02-03.15:27:03::SCWMssOS::ER_FLAGS=  -O2 -c -mcpu=v11.0 -mlittle-endian -mxl-soft-mul" "EXTRA_COMPILER_FLAGS=-g -ffunction-sections -fdata-sections -Wall
TRACE::2021-02-03.15:27:03::SCWMssOS:: -Wextra"

TRACE::2021-02-03.15:27:03::SCWMssOS::Compiling bram

TRACE::2021-02-03.15:27:04::SCWMssOS::Running Make libs in microblaze_0/libsrc/standalone_v7_1/src

TRACE::2021-02-03.15:27:04::SCWMssOS::make -C microblaze_0/libsrc/standalone_v7_1/src -s libs  "SHELL=/bin/sh" "COMPILER=mb-gcc" "ASSEMBLER=mb-as" "ARCHIVER=mb-ar" "
TRACE::2021-02-03.15:27:04::SCWMssOS::COMPILER_FLAGS=  -O2 -c -mcpu=v11.0 -mlittle-endian -mxl-soft-mul" "EXTRA_COMPILER_FLAGS=-g -ffunction-sections -fdata-sections
TRACE::2021-02-03.15:27:04::SCWMssOS:: -Wall -Wextra"

TRACE::2021-02-03.15:27:04::SCWMssOS::Compiling standalone

TRACE::2021-02-03.15:27:06::SCWMssOS::Running Make libs in microblaze_0/libsrc/gpio_v4_5/src

TRACE::2021-02-03.15:27:06::SCWMssOS::make -C microblaze_0/libsrc/gpio_v4_5/src -s libs  "SHELL=/bin/sh" "COMPILER=mb-gcc" "ASSEMBLER=mb-as" "ARCHIVER=mb-ar" "COMPIL
TRACE::2021-02-03.15:27:06::SCWMssOS::ER_FLAGS=  -O2 -c -mcpu=v11.0 -mlittle-endian -mxl-soft-mul" "EXTRA_COMPILER_FLAGS=-g -ffunction-sections -fdata-sections -Wall
TRACE::2021-02-03.15:27:06::SCWMssOS:: -Wextra"

TRACE::2021-02-03.15:27:06::SCWMssOS::Compiling gpio

TRACE::2021-02-03.15:27:07::SCWMssOS::Running Make libs in microblaze_0/libsrc/cpu_v2_10/src

TRACE::2021-02-03.15:27:07::SCWMssOS::make -C microblaze_0/libsrc/cpu_v2_10/src -s libs  "SHELL=/bin/sh" "COMPILER=mb-gcc" "ASSEMBLER=mb-as" "ARCHIVER=mb-ar" "COMPIL
TRACE::2021-02-03.15:27:07::SCWMssOS::ER_FLAGS=  -O2 -c -mcpu=v11.0 -mlittle-endian -mxl-soft-mul" "EXTRA_COMPILER_FLAGS=-g -ffunction-sections -fdata-sections -Wall
TRACE::2021-02-03.15:27:07::SCWMssOS:: -Wextra"

TRACE::2021-02-03.15:27:07::SCWMssOS::Compiling cpu

TRACE::2021-02-03.15:27:07::SCWMssOS::Running Make libs in microblaze_0/libsrc/intc_v3_10/src

TRACE::2021-02-03.15:27:07::SCWMssOS::make -C microblaze_0/libsrc/intc_v3_10/src -s libs  "SHELL=/bin/sh" "COMPILER=mb-gcc" "ASSEMBLER=mb-as" "ARCHIVER=mb-ar" "COMPI
TRACE::2021-02-03.15:27:07::SCWMssOS::LER_FLAGS=  -O2 -c -mcpu=v11.0 -mlittle-endian -mxl-soft-mul" "EXTRA_COMPILER_FLAGS=-g -ffunction-sections -fdata-sections -Wal
TRACE::2021-02-03.15:27:07::SCWMssOS::l -Wextra"

TRACE::2021-02-03.15:27:07::SCWMssOS::Compiling intc

TRACE::2021-02-03.15:27:08::SCWMssOS::Finished building libraries

TRACE::2021-02-03.15:27:08::SCWMssOS::Copying to export directory.
TRACE::2021-02-03.15:27:08::SCWMssOS:: Checking if to create the Supporting Applications
TRACE::2021-02-03.15:27:08::SCWMssOS:: No Linux domain exists, trying to generate FSBL 
LOG::2021-02-03.15:27:08::SCWSystem::Completed Processing the domain standalone_domain
LOG::2021-02-03.15:27:08::SCWSystem::Completed Processing the sysconfig hwBlk_wrapper
LOG::2021-02-03.15:27:08::SCWPlatform::Completed generating the artifacts for system configuration hwBlk_wrapper
TRACE::2021-02-03.15:27:08::SCWPlatform::Started preparing the platform 
TRACE::2021-02-03.15:27:08::SCWSystem::Writing the bif file for system config hwBlk_wrapper
TRACE::2021-02-03.15:27:08::SCWSystem::dir created 
TRACE::2021-02-03.15:27:08::SCWSystem::Writing the bif 
TRACE::2021-02-03.15:27:08::SCWPlatform::Started writing the spfm file 
TRACE::2021-02-03.15:27:08::SCWPlatform::Started writing the xpfm file 
TRACE::2021-02-03.15:27:08::SCWPlatform::Completed generating the platform
TRACE::2021-02-03.15:27:08::SCWPlatform::Trying to open the hw design at /media/cliff/procom/verilog/proj/microBase/microBase.vitis/hwBlk_wrapper/hw/hwBlk_wrapper.xsa
TRACE::2021-02-03.15:27:08::SCWPlatform::DSA given /media/cliff/procom/verilog/proj/microBase/microBase.vitis/hwBlk_wrapper/hw/hwBlk_wrapper.xsa
TRACE::2021-02-03.15:27:08::SCWPlatform::DSA absoulate path /media/cliff/procom/verilog/proj/microBase/microBase.vitis/hwBlk_wrapper/hw/hwBlk_wrapper.xsa
TRACE::2021-02-03.15:27:08::SCWPlatform::DSA directory /media/cliff/procom/verilog/proj/microBase/microBase.vitis/hwBlk_wrapper/hw
TRACE::2021-02-03.15:27:08::SCWPlatform:: Platform Path /media/cliff/procom/verilog/proj/microBase/microBase.vitis/hwBlk_wrapper/hw/hwBlk_wrapper.xsa
TRACE::2021-02-03.15:27:08::SCWPlatform:: Unique name xilinx:kc705::0.0
TRACE::2021-02-03.15:27:08::SCWPlatform::Trying to set the existing hwdb with name hwBlk_wrapper_2
TRACE::2021-02-03.15:27:08::SCWPlatform::Opened existing hwdb hwBlk_wrapper_2
TRACE::2021-02-03.15:27:08::SCWPlatform::Found the Hw Db part of the input DSA
TRACE::2021-02-03.15:27:08::SCWMssOS::Checking the sw design at  /media/cliff/procom/verilog/proj/microBase/microBase.vitis/hwBlk_wrapper/microblaze_0/standalone_domain/bsp/system.mss
TRACE::2021-02-03.15:27:08::SCWMssOS::DEBUG:  swdes dump  /media/cliff/procom/verilog/proj/microBase/microBase.vitis/hwBlk_wrapper/microblaze_0/standalone_domain/bsp/system.mss|system||

TRACE::2021-02-03.15:27:08::SCWMssOS::Sw design exists and opened at  /media/cliff/procom/verilog/proj/microBase/microBase.vitis/hwBlk_wrapper/microblaze_0/standalone_domain/bsp/system.mss
TRACE::2021-02-03.15:27:08::SCWWriter::formatted JSON is {
	"platformName":	"hwBlk_wrapper",
	"sprVersion":	"2.0",
	"mode":	"gui",
	"dsaType":	"Fixed",
	"platformDesc":	"hwBlk_wrapper",
	"platHandOff":	"/media/cliff/procom/verilog/proj/microBase/hwBlk_wrapper.xsa",
	"platIntHandOff":	"<platformDir>/hw/hwBlk_wrapper.xsa",
	"deviceType":	"FPGA",
	"platIsPrebuiltAutogen":	"false",
	"platIsNoBootBsp":	"false",
	"hasFsblMakeHasChanges":	"false",
	"hasPmufwMakeHasChanges":	"false",
	"platPreBuiltFlag":	false,
	"platformSamplesDir":	"",
	"platActiveSys":	"hwBlk_wrapper",
	"systems":	[{
			"systemName":	"hwBlk_wrapper",
			"systemDesc":	"hwBlk_wrapper",
			"sysIsBootAutoGen":	"true",
			"systemDispName":	"hwBlk_wrapper",
			"sysActiveDom":	"standalone_domain",
			"sysDefaultDom":	"standalone_domain",
			"domains":	[{
					"domainName":	"standalone_domain",
					"domainDispName":	"standalone on microblaze_0",
					"domainDesc":	"standalone_domain",
					"processors":	"microblaze_0",
					"os":	"standalone",
					"sdxOs":	"standalone",
					"debugEnable":	"False",
					"domRuntimes":	["cpp"],
					"swRepo":	"",
					"mssOsVer":	"7.1",
					"mssFile":	"",
					"md5Digest":	"8c790f55416a062ce2c5791c05be62b1",
					"compatibleApp":	"",
					"domType":	"mssDomain",
					"arch":	"32-bit",
					"appSettings":	{
						"appCompilerFlags":	"",
						"appLinkerFlags":	""
					},
					"addedLibs":	[],
					"libOptions":	{
						"libsContainingOptions":	[]
					},
					"prebuiltLibs":	{
						"prebuiltIncPath":	[],
						"prebuiltLibPath":	[]
					},
					"isolation":	{
					}
				}]
		}]
}
KEYINFO::2021-02-03.15:27:08::SCWPlatform::updated the xpfm file.
TRACE::2021-02-03.15:27:08::SCWPlatform::Trying to open the hw design at /media/cliff/procom/verilog/proj/microBase/microBase.vitis/hwBlk_wrapper/hw/hwBlk_wrapper.xsa
TRACE::2021-02-03.15:27:08::SCWPlatform::DSA given /media/cliff/procom/verilog/proj/microBase/microBase.vitis/hwBlk_wrapper/hw/hwBlk_wrapper.xsa
TRACE::2021-02-03.15:27:08::SCWPlatform::DSA absoulate path /media/cliff/procom/verilog/proj/microBase/microBase.vitis/hwBlk_wrapper/hw/hwBlk_wrapper.xsa
TRACE::2021-02-03.15:27:08::SCWPlatform::DSA directory /media/cliff/procom/verilog/proj/microBase/microBase.vitis/hwBlk_wrapper/hw
TRACE::2021-02-03.15:27:08::SCWPlatform:: Platform Path /media/cliff/procom/verilog/proj/microBase/microBase.vitis/hwBlk_wrapper/hw/hwBlk_wrapper.xsa
TRACE::2021-02-03.15:27:08::SCWPlatform:: Unique name xilinx:kc705::0.0
TRACE::2021-02-03.15:27:08::SCWPlatform::Trying to set the existing hwdb with name hwBlk_wrapper_2
TRACE::2021-02-03.15:27:08::SCWPlatform::Opened existing hwdb hwBlk_wrapper_2
TRACE::2021-02-03.15:27:08::SCWPlatform::Found the Hw Db part of the input DSA
TRACE::2021-02-03.15:27:08::SCWMssOS::Checking the sw design at  /media/cliff/procom/verilog/proj/microBase/microBase.vitis/hwBlk_wrapper/microblaze_0/standalone_domain/bsp/system.mss
TRACE::2021-02-03.15:27:08::SCWMssOS::DEBUG:  swdes dump  /media/cliff/procom/verilog/proj/microBase/microBase.vitis/hwBlk_wrapper/microblaze_0/standalone_domain/bsp/system.mss|system||

TRACE::2021-02-03.15:27:08::SCWMssOS::Sw design exists and opened at  /media/cliff/procom/verilog/proj/microBase/microBase.vitis/hwBlk_wrapper/microblaze_0/standalone_domain/bsp/system.mss
