
*** Running vivado
    with args -log hwBlk_wrapper.vds -m64 -product Vivado -mode batch -messageDb vivado.pb -notrace -source hwBlk_wrapper.tcl


****** Vivado v2019.2 (64-bit)
  **** SW Build 2708876 on Wed Nov  6 21:39:14 MST 2019
  **** IP Build 2700528 on Thu Nov  7 00:09:20 MST 2019
    ** Copyright 1986-2019 Xilinx, Inc. All Rights Reserved.

source hwBlk_wrapper.tcl -notrace
INFO: [IP_Flow 19-234] Refreshing IP repositories
INFO: [IP_Flow 19-1704] No user IP repositories specified
INFO: [IP_Flow 19-2313] Loaded Vivado IP repository '/tools/Xilinx/Vivado/2019.2/data/ip'.
Command: synth_design -top hwBlk_wrapper -part xc7k325tffg900-2
Starting synth_design
Attempting to get a license for feature 'Synthesis' and/or device 'xc7k325t'
INFO: [Common 17-349] Got license for feature 'Synthesis' and/or device 'xc7k325t'
INFO: [Device 21-403] Loading part xc7k325tffg900-2
INFO: Launching helper process for spawning children vivado processes
INFO: Helper process launched with PID 3197 
---------------------------------------------------------------------------------
Starting RTL Elaboration : Time (s): cpu = 00:00:03 ; elapsed = 00:00:04 . Memory (MB): peak = 1897.934 ; gain = 200.719 ; free physical = 11966 ; free virtual = 28770
---------------------------------------------------------------------------------
INFO: [Synth 8-6157] synthesizing module 'hwBlk_wrapper' [/home/becario/ethernet/proj/microBase/microBase.srcs/sources_1/bd/hwBlk/hdl/hwBlk_wrapper.v:12]
INFO: [Synth 8-6157] synthesizing module 'hwBlk' [/home/becario/ethernet/proj/microBase/microBase.srcs/sources_1/bd/hwBlk/synth/hwBlk.v:13]
INFO: [Synth 8-6157] synthesizing module 'hwBlk_axi_gpio_0_1' [/home/becario/ethernet/proj/microBase/microBase.runs/synth_1/.Xil/Vivado-3172-huaira/realtime/hwBlk_axi_gpio_0_1_stub.v:6]
INFO: [Synth 8-6155] done synthesizing module 'hwBlk_axi_gpio_0_1' (1#1) [/home/becario/ethernet/proj/microBase/microBase.runs/synth_1/.Xil/Vivado-3172-huaira/realtime/hwBlk_axi_gpio_0_1_stub.v:6]
WARNING: [Synth 8-7023] instance 'axi_gpio_0' of module 'hwBlk_axi_gpio_0_1' has 23 connections declared, but only 22 given [/home/becario/ethernet/proj/microBase/microBase.srcs/sources_1/bd/hwBlk/synth/hwBlk.v:166]
INFO: [Synth 8-6157] synthesizing module 'hwBlk_axi_timer_0_0' [/home/becario/ethernet/proj/microBase/microBase.runs/synth_1/.Xil/Vivado-3172-huaira/realtime/hwBlk_axi_timer_0_0_stub.v:6]
INFO: [Synth 8-6155] done synthesizing module 'hwBlk_axi_timer_0_0' (2#1) [/home/becario/ethernet/proj/microBase/microBase.runs/synth_1/.Xil/Vivado-3172-huaira/realtime/hwBlk_axi_timer_0_0_stub.v:6]
WARNING: [Synth 8-7023] instance 'axi_timer_0' of module 'hwBlk_axi_timer_0_0' has 26 connections declared, but only 23 given [/home/becario/ethernet/proj/microBase/microBase.srcs/sources_1/bd/hwBlk/synth/hwBlk.v:189]
INFO: [Synth 8-6157] synthesizing module 'hwBlk_axi_uartlite_0_1' [/home/becario/ethernet/proj/microBase/microBase.runs/synth_1/.Xil/Vivado-3172-huaira/realtime/hwBlk_axi_uartlite_0_1_stub.v:6]
INFO: [Synth 8-6155] done synthesizing module 'hwBlk_axi_uartlite_0_1' (3#1) [/home/becario/ethernet/proj/microBase/microBase.runs/synth_1/.Xil/Vivado-3172-huaira/realtime/hwBlk_axi_uartlite_0_1_stub.v:6]
INFO: [Synth 8-6157] synthesizing module 'hwBlk_clk_wiz_1_1' [/home/becario/ethernet/proj/microBase/microBase.runs/synth_1/.Xil/Vivado-3172-huaira/realtime/hwBlk_clk_wiz_1_1_stub.v:5]
INFO: [Synth 8-6155] done synthesizing module 'hwBlk_clk_wiz_1_1' (4#1) [/home/becario/ethernet/proj/microBase/microBase.runs/synth_1/.Xil/Vivado-3172-huaira/realtime/hwBlk_clk_wiz_1_1_stub.v:5]
INFO: [Synth 8-6157] synthesizing module 'hwBlk_mdm_1_1' [/home/becario/ethernet/proj/microBase/microBase.runs/synth_1/.Xil/Vivado-3172-huaira/realtime/hwBlk_mdm_1_1_stub.v:6]
INFO: [Synth 8-6155] done synthesizing module 'hwBlk_mdm_1_1' (5#1) [/home/becario/ethernet/proj/microBase/microBase.runs/synth_1/.Xil/Vivado-3172-huaira/realtime/hwBlk_mdm_1_1_stub.v:6]
INFO: [Synth 8-6157] synthesizing module 'hwBlk_microblaze_0_0' [/home/becario/ethernet/proj/microBase/microBase.runs/synth_1/.Xil/Vivado-3172-huaira/realtime/hwBlk_microblaze_0_0_stub.v:6]
INFO: [Synth 8-6155] done synthesizing module 'hwBlk_microblaze_0_0' (6#1) [/home/becario/ethernet/proj/microBase/microBase.runs/synth_1/.Xil/Vivado-3172-huaira/realtime/hwBlk_microblaze_0_0_stub.v:6]
INFO: [Synth 8-6157] synthesizing module 'hwBlk_microblaze_0_axi_intc_1' [/home/becario/ethernet/proj/microBase/microBase.runs/synth_1/.Xil/Vivado-3172-huaira/realtime/hwBlk_microblaze_0_axi_intc_1_stub.v:6]
INFO: [Synth 8-6155] done synthesizing module 'hwBlk_microblaze_0_axi_intc_1' (7#1) [/home/becario/ethernet/proj/microBase/microBase.runs/synth_1/.Xil/Vivado-3172-huaira/realtime/hwBlk_microblaze_0_axi_intc_1_stub.v:6]
INFO: [Synth 8-6157] synthesizing module 'hwBlk_microblaze_0_axi_periph_1' [/home/becario/ethernet/proj/microBase/microBase.srcs/sources_1/bd/hwBlk/synth/hwBlk.v:476]
INFO: [Synth 8-6157] synthesizing module 'm00_couplers_imp_NFBBZ1' [/home/becario/ethernet/proj/microBase/microBase.srcs/sources_1/bd/hwBlk/synth/hwBlk.v:1182]
INFO: [Synth 8-6155] done synthesizing module 'm00_couplers_imp_NFBBZ1' (8#1) [/home/becario/ethernet/proj/microBase/microBase.srcs/sources_1/bd/hwBlk/synth/hwBlk.v:1182]
INFO: [Synth 8-6157] synthesizing module 'm01_couplers_imp_1TX7QNP' [/home/becario/ethernet/proj/microBase/microBase.srcs/sources_1/bd/hwBlk/synth/hwBlk.v:1314]
INFO: [Synth 8-6155] done synthesizing module 'm01_couplers_imp_1TX7QNP' (9#1) [/home/becario/ethernet/proj/microBase/microBase.srcs/sources_1/bd/hwBlk/synth/hwBlk.v:1314]
INFO: [Synth 8-6157] synthesizing module 'm02_couplers_imp_1Y6CJWS' [/home/becario/ethernet/proj/microBase/microBase.srcs/sources_1/bd/hwBlk/synth/hwBlk.v:1446]
INFO: [Synth 8-6155] done synthesizing module 'm02_couplers_imp_1Y6CJWS' (10#1) [/home/becario/ethernet/proj/microBase/microBase.srcs/sources_1/bd/hwBlk/synth/hwBlk.v:1446]
INFO: [Synth 8-6157] synthesizing module 'm03_couplers_imp_J5UXIC' [/home/becario/ethernet/proj/microBase/microBase.srcs/sources_1/bd/hwBlk/synth/hwBlk.v:1578]
INFO: [Synth 8-6155] done synthesizing module 'm03_couplers_imp_J5UXIC' (11#1) [/home/becario/ethernet/proj/microBase/microBase.srcs/sources_1/bd/hwBlk/synth/hwBlk.v:1578]
INFO: [Synth 8-6157] synthesizing module 's00_couplers_imp_KXEWM' [/home/becario/ethernet/proj/microBase/microBase.srcs/sources_1/bd/hwBlk/synth/hwBlk.v:1944]
INFO: [Synth 8-6155] done synthesizing module 's00_couplers_imp_KXEWM' (12#1) [/home/becario/ethernet/proj/microBase/microBase.srcs/sources_1/bd/hwBlk/synth/hwBlk.v:1944]
INFO: [Synth 8-6157] synthesizing module 'hwBlk_xbar_1' [/home/becario/ethernet/proj/microBase/microBase.runs/synth_1/.Xil/Vivado-3172-huaira/realtime/hwBlk_xbar_1_stub.v:6]
INFO: [Synth 8-6155] done synthesizing module 'hwBlk_xbar_1' (13#1) [/home/becario/ethernet/proj/microBase/microBase.runs/synth_1/.Xil/Vivado-3172-huaira/realtime/hwBlk_xbar_1_stub.v:6]
WARNING: [Synth 8-7023] instance 'xbar' of module 'hwBlk_xbar_1' has 40 connections declared, but only 38 given [/home/becario/ethernet/proj/microBase/microBase.srcs/sources_1/bd/hwBlk/synth/hwBlk.v:1141]
INFO: [Synth 8-6155] done synthesizing module 'hwBlk_microblaze_0_axi_periph_1' (14#1) [/home/becario/ethernet/proj/microBase/microBase.srcs/sources_1/bd/hwBlk/synth/hwBlk.v:476]
INFO: [Synth 8-6157] synthesizing module 'microblaze_0_local_memory_imp_1VLV5F3' [/home/becario/ethernet/proj/microBase/microBase.srcs/sources_1/bd/hwBlk/synth/hwBlk.v:1710]
INFO: [Synth 8-6157] synthesizing module 'hwBlk_dlmb_bram_if_cntlr_1' [/home/becario/ethernet/proj/microBase/microBase.runs/synth_1/.Xil/Vivado-3172-huaira/realtime/hwBlk_dlmb_bram_if_cntlr_1_stub.v:6]
INFO: [Synth 8-6155] done synthesizing module 'hwBlk_dlmb_bram_if_cntlr_1' (15#1) [/home/becario/ethernet/proj/microBase/microBase.runs/synth_1/.Xil/Vivado-3172-huaira/realtime/hwBlk_dlmb_bram_if_cntlr_1_stub.v:6]
INFO: [Synth 8-6157] synthesizing module 'hwBlk_dlmb_v10_1' [/home/becario/ethernet/proj/microBase/microBase.runs/synth_1/.Xil/Vivado-3172-huaira/realtime/hwBlk_dlmb_v10_1_stub.v:6]
INFO: [Synth 8-6155] done synthesizing module 'hwBlk_dlmb_v10_1' (16#1) [/home/becario/ethernet/proj/microBase/microBase.runs/synth_1/.Xil/Vivado-3172-huaira/realtime/hwBlk_dlmb_v10_1_stub.v:6]
WARNING: [Synth 8-7023] instance 'dlmb_v10' of module 'hwBlk_dlmb_v10_1' has 25 connections declared, but only 24 given [/home/becario/ethernet/proj/microBase/microBase.srcs/sources_1/bd/hwBlk/synth/hwBlk.v:1856]
INFO: [Synth 8-6157] synthesizing module 'hwBlk_ilmb_bram_if_cntlr_1' [/home/becario/ethernet/proj/microBase/microBase.runs/synth_1/.Xil/Vivado-3172-huaira/realtime/hwBlk_ilmb_bram_if_cntlr_1_stub.v:6]
INFO: [Synth 8-6155] done synthesizing module 'hwBlk_ilmb_bram_if_cntlr_1' (17#1) [/home/becario/ethernet/proj/microBase/microBase.runs/synth_1/.Xil/Vivado-3172-huaira/realtime/hwBlk_ilmb_bram_if_cntlr_1_stub.v:6]
INFO: [Synth 8-6157] synthesizing module 'hwBlk_ilmb_v10_1' [/home/becario/ethernet/proj/microBase/microBase.runs/synth_1/.Xil/Vivado-3172-huaira/realtime/hwBlk_ilmb_v10_1_stub.v:6]
INFO: [Synth 8-6155] done synthesizing module 'hwBlk_ilmb_v10_1' (18#1) [/home/becario/ethernet/proj/microBase/microBase.runs/synth_1/.Xil/Vivado-3172-huaira/realtime/hwBlk_ilmb_v10_1_stub.v:6]
WARNING: [Synth 8-7023] instance 'ilmb_v10' of module 'hwBlk_ilmb_v10_1' has 25 connections declared, but only 24 given [/home/becario/ethernet/proj/microBase/microBase.srcs/sources_1/bd/hwBlk/synth/hwBlk.v:1902]
INFO: [Synth 8-6157] synthesizing module 'hwBlk_lmb_bram_1' [/home/becario/ethernet/proj/microBase/microBase.runs/synth_1/.Xil/Vivado-3172-huaira/realtime/hwBlk_lmb_bram_1_stub.v:6]
INFO: [Synth 8-6155] done synthesizing module 'hwBlk_lmb_bram_1' (19#1) [/home/becario/ethernet/proj/microBase/microBase.runs/synth_1/.Xil/Vivado-3172-huaira/realtime/hwBlk_lmb_bram_1_stub.v:6]
WARNING: [Synth 8-7023] instance 'lmb_bram' of module 'hwBlk_lmb_bram_1' has 16 connections declared, but only 14 given [/home/becario/ethernet/proj/microBase/microBase.srcs/sources_1/bd/hwBlk/synth/hwBlk.v:1927]
INFO: [Synth 8-6155] done synthesizing module 'microblaze_0_local_memory_imp_1VLV5F3' (20#1) [/home/becario/ethernet/proj/microBase/microBase.srcs/sources_1/bd/hwBlk/synth/hwBlk.v:1710]
INFO: [Synth 8-6157] synthesizing module 'hwBlk_microblaze_0_xlconcat_1' [/home/becario/ethernet/proj/microBase/microBase.srcs/sources_1/bd/hwBlk/ip/hwBlk_microblaze_0_xlconcat_1/synth/hwBlk_microblaze_0_xlconcat_1.v:58]
INFO: [Synth 8-6157] synthesizing module 'xlconcat_v2_1_3_xlconcat' [/home/becario/ethernet/proj/microBase/microBase.srcs/sources_1/bd/hwBlk/ipshared/442e/hdl/xlconcat_v2_1_vl_rfs.v:14]
	Parameter IN0_WIDTH bound to: 1 - type: integer 
	Parameter IN1_WIDTH bound to: 1 - type: integer 
	Parameter IN2_WIDTH bound to: 1 - type: integer 
	Parameter IN3_WIDTH bound to: 1 - type: integer 
	Parameter IN4_WIDTH bound to: 1 - type: integer 
	Parameter IN5_WIDTH bound to: 1 - type: integer 
	Parameter IN6_WIDTH bound to: 1 - type: integer 
	Parameter IN7_WIDTH bound to: 1 - type: integer 
	Parameter IN8_WIDTH bound to: 1 - type: integer 
	Parameter IN9_WIDTH bound to: 1 - type: integer 
	Parameter IN10_WIDTH bound to: 1 - type: integer 
	Parameter IN11_WIDTH bound to: 1 - type: integer 
	Parameter IN12_WIDTH bound to: 1 - type: integer 
	Parameter IN13_WIDTH bound to: 1 - type: integer 
	Parameter IN14_WIDTH bound to: 1 - type: integer 
	Parameter IN15_WIDTH bound to: 1 - type: integer 
	Parameter IN16_WIDTH bound to: 1 - type: integer 
	Parameter IN17_WIDTH bound to: 1 - type: integer 
	Parameter IN18_WIDTH bound to: 1 - type: integer 
	Parameter IN19_WIDTH bound to: 1 - type: integer 
	Parameter IN20_WIDTH bound to: 1 - type: integer 
	Parameter IN21_WIDTH bound to: 1 - type: integer 
	Parameter IN22_WIDTH bound to: 1 - type: integer 
	Parameter IN23_WIDTH bound to: 1 - type: integer 
	Parameter IN24_WIDTH bound to: 1 - type: integer 
	Parameter IN25_WIDTH bound to: 1 - type: integer 
	Parameter IN26_WIDTH bound to: 1 - type: integer 
	Parameter IN27_WIDTH bound to: 1 - type: integer 
	Parameter IN28_WIDTH bound to: 1 - type: integer 
	Parameter IN29_WIDTH bound to: 1 - type: integer 
	Parameter IN30_WIDTH bound to: 1 - type: integer 
	Parameter IN31_WIDTH bound to: 1 - type: integer 
	Parameter dout_width bound to: 3 - type: integer 
	Parameter NUM_PORTS bound to: 3 - type: integer 
INFO: [Synth 8-6155] done synthesizing module 'xlconcat_v2_1_3_xlconcat' (21#1) [/home/becario/ethernet/proj/microBase/microBase.srcs/sources_1/bd/hwBlk/ipshared/442e/hdl/xlconcat_v2_1_vl_rfs.v:14]
INFO: [Synth 8-6155] done synthesizing module 'hwBlk_microblaze_0_xlconcat_1' (22#1) [/home/becario/ethernet/proj/microBase/microBase.srcs/sources_1/bd/hwBlk/ip/hwBlk_microblaze_0_xlconcat_1/synth/hwBlk_microblaze_0_xlconcat_1.v:58]
INFO: [Synth 8-6157] synthesizing module 'hwBlk_rst_clk_wiz_1_100M_1' [/home/becario/ethernet/proj/microBase/microBase.runs/synth_1/.Xil/Vivado-3172-huaira/realtime/hwBlk_rst_clk_wiz_1_100M_1_stub.v:6]
INFO: [Synth 8-6155] done synthesizing module 'hwBlk_rst_clk_wiz_1_100M_1' (23#1) [/home/becario/ethernet/proj/microBase/microBase.runs/synth_1/.Xil/Vivado-3172-huaira/realtime/hwBlk_rst_clk_wiz_1_100M_1_stub.v:6]
WARNING: [Synth 8-7023] instance 'rst_clk_wiz_1_100M' of module 'hwBlk_rst_clk_wiz_1_100M_1' has 10 connections declared, but only 8 given [/home/becario/ethernet/proj/microBase/microBase.srcs/sources_1/bd/hwBlk/synth/hwBlk.v:461]
INFO: [Synth 8-6157] synthesizing module 'hwBlk_vio_0_1' [/home/becario/ethernet/proj/microBase/microBase.runs/synth_1/.Xil/Vivado-3172-huaira/realtime/hwBlk_vio_0_1_stub.v:6]
INFO: [Synth 8-6155] done synthesizing module 'hwBlk_vio_0_1' (24#1) [/home/becario/ethernet/proj/microBase/microBase.runs/synth_1/.Xil/Vivado-3172-huaira/realtime/hwBlk_vio_0_1_stub.v:6]
INFO: [Synth 8-6071] Mark debug on the nets applies keep_hierarchy on instance 'vio_0'. This will prevent further optimization [/home/becario/ethernet/proj/microBase/microBase.srcs/sources_1/bd/hwBlk/synth/hwBlk.v:470]
INFO: [Synth 8-6071] Mark debug on the nets applies keep_hierarchy on instance 'axi_gpio_0'. This will prevent further optimization [/home/becario/ethernet/proj/microBase/microBase.srcs/sources_1/bd/hwBlk/synth/hwBlk.v:166]
INFO: [Synth 8-6155] done synthesizing module 'hwBlk' (25#1) [/home/becario/ethernet/proj/microBase/microBase.srcs/sources_1/bd/hwBlk/synth/hwBlk.v:13]
INFO: [Synth 8-6155] done synthesizing module 'hwBlk_wrapper' (26#1) [/home/becario/ethernet/proj/microBase/microBase.srcs/sources_1/bd/hwBlk/hdl/hwBlk_wrapper.v:12]
WARNING: [Synth 8-3331] design xlconcat_v2_1_3_xlconcat has unconnected port In3[0]
WARNING: [Synth 8-3331] design xlconcat_v2_1_3_xlconcat has unconnected port In4[0]
WARNING: [Synth 8-3331] design xlconcat_v2_1_3_xlconcat has unconnected port In5[0]
WARNING: [Synth 8-3331] design xlconcat_v2_1_3_xlconcat has unconnected port In6[0]
WARNING: [Synth 8-3331] design xlconcat_v2_1_3_xlconcat has unconnected port In7[0]
WARNING: [Synth 8-3331] design xlconcat_v2_1_3_xlconcat has unconnected port In8[0]
WARNING: [Synth 8-3331] design xlconcat_v2_1_3_xlconcat has unconnected port In9[0]
WARNING: [Synth 8-3331] design xlconcat_v2_1_3_xlconcat has unconnected port In10[0]
WARNING: [Synth 8-3331] design xlconcat_v2_1_3_xlconcat has unconnected port In11[0]
WARNING: [Synth 8-3331] design xlconcat_v2_1_3_xlconcat has unconnected port In12[0]
WARNING: [Synth 8-3331] design xlconcat_v2_1_3_xlconcat has unconnected port In13[0]
WARNING: [Synth 8-3331] design xlconcat_v2_1_3_xlconcat has unconnected port In14[0]
WARNING: [Synth 8-3331] design xlconcat_v2_1_3_xlconcat has unconnected port In15[0]
WARNING: [Synth 8-3331] design xlconcat_v2_1_3_xlconcat has unconnected port In16[0]
WARNING: [Synth 8-3331] design xlconcat_v2_1_3_xlconcat has unconnected port In17[0]
WARNING: [Synth 8-3331] design xlconcat_v2_1_3_xlconcat has unconnected port In18[0]
WARNING: [Synth 8-3331] design xlconcat_v2_1_3_xlconcat has unconnected port In19[0]
WARNING: [Synth 8-3331] design xlconcat_v2_1_3_xlconcat has unconnected port In20[0]
WARNING: [Synth 8-3331] design xlconcat_v2_1_3_xlconcat has unconnected port In21[0]
WARNING: [Synth 8-3331] design xlconcat_v2_1_3_xlconcat has unconnected port In22[0]
WARNING: [Synth 8-3331] design xlconcat_v2_1_3_xlconcat has unconnected port In23[0]
WARNING: [Synth 8-3331] design xlconcat_v2_1_3_xlconcat has unconnected port In24[0]
WARNING: [Synth 8-3331] design xlconcat_v2_1_3_xlconcat has unconnected port In25[0]
WARNING: [Synth 8-3331] design xlconcat_v2_1_3_xlconcat has unconnected port In26[0]
WARNING: [Synth 8-3331] design xlconcat_v2_1_3_xlconcat has unconnected port In27[0]
WARNING: [Synth 8-3331] design xlconcat_v2_1_3_xlconcat has unconnected port In28[0]
WARNING: [Synth 8-3331] design xlconcat_v2_1_3_xlconcat has unconnected port In29[0]
WARNING: [Synth 8-3331] design xlconcat_v2_1_3_xlconcat has unconnected port In30[0]
WARNING: [Synth 8-3331] design xlconcat_v2_1_3_xlconcat has unconnected port In31[0]
WARNING: [Synth 8-3331] design s00_couplers_imp_KXEWM has unconnected port M_ACLK
WARNING: [Synth 8-3331] design s00_couplers_imp_KXEWM has unconnected port M_ARESETN
WARNING: [Synth 8-3331] design s00_couplers_imp_KXEWM has unconnected port S_ACLK
WARNING: [Synth 8-3331] design s00_couplers_imp_KXEWM has unconnected port S_ARESETN
WARNING: [Synth 8-3331] design m03_couplers_imp_J5UXIC has unconnected port M_ACLK
WARNING: [Synth 8-3331] design m03_couplers_imp_J5UXIC has unconnected port M_ARESETN
WARNING: [Synth 8-3331] design m03_couplers_imp_J5UXIC has unconnected port S_ACLK
WARNING: [Synth 8-3331] design m03_couplers_imp_J5UXIC has unconnected port S_ARESETN
WARNING: [Synth 8-3331] design m02_couplers_imp_1Y6CJWS has unconnected port M_ACLK
WARNING: [Synth 8-3331] design m02_couplers_imp_1Y6CJWS has unconnected port M_ARESETN
WARNING: [Synth 8-3331] design m02_couplers_imp_1Y6CJWS has unconnected port S_ACLK
WARNING: [Synth 8-3331] design m02_couplers_imp_1Y6CJWS has unconnected port S_ARESETN
WARNING: [Synth 8-3331] design m01_couplers_imp_1TX7QNP has unconnected port M_ACLK
WARNING: [Synth 8-3331] design m01_couplers_imp_1TX7QNP has unconnected port M_ARESETN
WARNING: [Synth 8-3331] design m01_couplers_imp_1TX7QNP has unconnected port S_ACLK
WARNING: [Synth 8-3331] design m01_couplers_imp_1TX7QNP has unconnected port S_ARESETN
WARNING: [Synth 8-3331] design m00_couplers_imp_NFBBZ1 has unconnected port M_ACLK
WARNING: [Synth 8-3331] design m00_couplers_imp_NFBBZ1 has unconnected port M_ARESETN
WARNING: [Synth 8-3331] design m00_couplers_imp_NFBBZ1 has unconnected port S_ACLK
WARNING: [Synth 8-3331] design m00_couplers_imp_NFBBZ1 has unconnected port S_ARESETN
WARNING: [Synth 8-3331] design hwBlk_microblaze_0_axi_periph_1 has unconnected port M00_ACLK
WARNING: [Synth 8-3331] design hwBlk_microblaze_0_axi_periph_1 has unconnected port M00_ARESETN
WARNING: [Synth 8-3331] design hwBlk_microblaze_0_axi_periph_1 has unconnected port M01_ACLK
WARNING: [Synth 8-3331] design hwBlk_microblaze_0_axi_periph_1 has unconnected port M01_ARESETN
WARNING: [Synth 8-3331] design hwBlk_microblaze_0_axi_periph_1 has unconnected port M02_ACLK
WARNING: [Synth 8-3331] design hwBlk_microblaze_0_axi_periph_1 has unconnected port M02_ARESETN
WARNING: [Synth 8-3331] design hwBlk_microblaze_0_axi_periph_1 has unconnected port M03_ACLK
WARNING: [Synth 8-3331] design hwBlk_microblaze_0_axi_periph_1 has unconnected port M03_ARESETN
WARNING: [Synth 8-3331] design hwBlk_microblaze_0_axi_periph_1 has unconnected port S00_ACLK
WARNING: [Synth 8-3331] design hwBlk_microblaze_0_axi_periph_1 has unconnected port S00_ARESETN
---------------------------------------------------------------------------------
Finished RTL Elaboration : Time (s): cpu = 00:00:04 ; elapsed = 00:00:05 . Memory (MB): peak = 1964.652 ; gain = 267.438 ; free physical = 11994 ; free virtual = 28803
---------------------------------------------------------------------------------

Report Check Netlist: 
+------+------------------+-------+---------+-------+------------------+
|      |Item              |Errors |Warnings |Status |Description       |
+------+------------------+-------+---------+-------+------------------+
|1     |multi_driven_nets |      0|        0|Passed |Multi driven nets |
+------+------------------+-------+---------+-------+------------------+
---------------------------------------------------------------------------------
Start Handling Custom Attributes
---------------------------------------------------------------------------------
---------------------------------------------------------------------------------
Finished Handling Custom Attributes : Time (s): cpu = 00:00:04 ; elapsed = 00:00:06 . Memory (MB): peak = 1964.652 ; gain = 267.438 ; free physical = 11988 ; free virtual = 28797
---------------------------------------------------------------------------------
---------------------------------------------------------------------------------
Finished RTL Optimization Phase 1 : Time (s): cpu = 00:00:04 ; elapsed = 00:00:06 . Memory (MB): peak = 1964.652 ; gain = 267.438 ; free physical = 11988 ; free virtual = 28797
---------------------------------------------------------------------------------
Netlist sorting complete. Time (s): cpu = 00:00:00.02 ; elapsed = 00:00:00.01 . Memory (MB): peak = 1964.652 ; gain = 0.000 ; free physical = 11976 ; free virtual = 28784
INFO: [Project 1-570] Preparing netlist for logic optimization

Processing XDC Constraints
Initializing timing engine
Parsing XDC File [/home/becario/ethernet/proj/microBase/microBase.srcs/sources_1/bd/hwBlk/ip/hwBlk_microblaze_0_0/hwBlk_microblaze_0_0/hwBlk_microblaze_0_0_in_context.xdc] for cell 'hwBlk_i/microblaze_0'
Finished Parsing XDC File [/home/becario/ethernet/proj/microBase/microBase.srcs/sources_1/bd/hwBlk/ip/hwBlk_microblaze_0_0/hwBlk_microblaze_0_0/hwBlk_microblaze_0_0_in_context.xdc] for cell 'hwBlk_i/microblaze_0'
Parsing XDC File [/home/becario/ethernet/proj/microBase/microBase.srcs/sources_1/bd/hwBlk/ip/hwBlk_axi_timer_0_0/hwBlk_axi_timer_0_0/hwBlk_axi_timer_0_0_in_context.xdc] for cell 'hwBlk_i/axi_timer_0'
Finished Parsing XDC File [/home/becario/ethernet/proj/microBase/microBase.srcs/sources_1/bd/hwBlk/ip/hwBlk_axi_timer_0_0/hwBlk_axi_timer_0_0/hwBlk_axi_timer_0_0_in_context.xdc] for cell 'hwBlk_i/axi_timer_0'
Parsing XDC File [/home/becario/ethernet/proj/microBase/microBase.srcs/sources_1/bd/hwBlk/ip/hwBlk_axi_uartlite_0_1/hwBlk_axi_uartlite_0_1/hwBlk_axi_uartlite_0_1_in_context.xdc] for cell 'hwBlk_i/axi_uartlite_0'
Finished Parsing XDC File [/home/becario/ethernet/proj/microBase/microBase.srcs/sources_1/bd/hwBlk/ip/hwBlk_axi_uartlite_0_1/hwBlk_axi_uartlite_0_1/hwBlk_axi_uartlite_0_1_in_context.xdc] for cell 'hwBlk_i/axi_uartlite_0'
Parsing XDC File [/home/becario/ethernet/proj/microBase/microBase.srcs/sources_1/bd/hwBlk/ip/hwBlk_axi_gpio_0_1/hwBlk_axi_gpio_0_1/hwBlk_axi_gpio_0_1_in_context.xdc] for cell 'hwBlk_i/axi_gpio_0'
Finished Parsing XDC File [/home/becario/ethernet/proj/microBase/microBase.srcs/sources_1/bd/hwBlk/ip/hwBlk_axi_gpio_0_1/hwBlk_axi_gpio_0_1/hwBlk_axi_gpio_0_1_in_context.xdc] for cell 'hwBlk_i/axi_gpio_0'
Parsing XDC File [/home/becario/ethernet/proj/microBase/microBase.srcs/sources_1/bd/hwBlk/ip/hwBlk_vio_0_1/hwBlk_vio_0_1/hwBlk_vio_0_1_in_context.xdc] for cell 'hwBlk_i/vio_0'
Finished Parsing XDC File [/home/becario/ethernet/proj/microBase/microBase.srcs/sources_1/bd/hwBlk/ip/hwBlk_vio_0_1/hwBlk_vio_0_1/hwBlk_vio_0_1_in_context.xdc] for cell 'hwBlk_i/vio_0'
Parsing XDC File [/home/becario/ethernet/proj/microBase/microBase.srcs/sources_1/bd/hwBlk/ip/hwBlk_dlmb_v10_1/hwBlk_dlmb_v10_1/hwBlk_dlmb_v10_1_in_context.xdc] for cell 'hwBlk_i/microblaze_0_local_memory/dlmb_v10'
Finished Parsing XDC File [/home/becario/ethernet/proj/microBase/microBase.srcs/sources_1/bd/hwBlk/ip/hwBlk_dlmb_v10_1/hwBlk_dlmb_v10_1/hwBlk_dlmb_v10_1_in_context.xdc] for cell 'hwBlk_i/microblaze_0_local_memory/dlmb_v10'
Parsing XDC File [/home/becario/ethernet/proj/microBase/microBase.srcs/sources_1/bd/hwBlk/ip/hwBlk_ilmb_v10_1/hwBlk_ilmb_v10_1/hwBlk_dlmb_v10_1_in_context.xdc] for cell 'hwBlk_i/microblaze_0_local_memory/ilmb_v10'
Finished Parsing XDC File [/home/becario/ethernet/proj/microBase/microBase.srcs/sources_1/bd/hwBlk/ip/hwBlk_ilmb_v10_1/hwBlk_ilmb_v10_1/hwBlk_dlmb_v10_1_in_context.xdc] for cell 'hwBlk_i/microblaze_0_local_memory/ilmb_v10'
Parsing XDC File [/home/becario/ethernet/proj/microBase/microBase.srcs/sources_1/bd/hwBlk/ip/hwBlk_dlmb_bram_if_cntlr_1/hwBlk_dlmb_bram_if_cntlr_1/hwBlk_dlmb_bram_if_cntlr_1_in_context.xdc] for cell 'hwBlk_i/microblaze_0_local_memory/dlmb_bram_if_cntlr'
Finished Parsing XDC File [/home/becario/ethernet/proj/microBase/microBase.srcs/sources_1/bd/hwBlk/ip/hwBlk_dlmb_bram_if_cntlr_1/hwBlk_dlmb_bram_if_cntlr_1/hwBlk_dlmb_bram_if_cntlr_1_in_context.xdc] for cell 'hwBlk_i/microblaze_0_local_memory/dlmb_bram_if_cntlr'
Parsing XDC File [/home/becario/ethernet/proj/microBase/microBase.srcs/sources_1/bd/hwBlk/ip/hwBlk_ilmb_bram_if_cntlr_1/hwBlk_ilmb_bram_if_cntlr_1/hwBlk_ilmb_bram_if_cntlr_1_in_context.xdc] for cell 'hwBlk_i/microblaze_0_local_memory/ilmb_bram_if_cntlr'
Finished Parsing XDC File [/home/becario/ethernet/proj/microBase/microBase.srcs/sources_1/bd/hwBlk/ip/hwBlk_ilmb_bram_if_cntlr_1/hwBlk_ilmb_bram_if_cntlr_1/hwBlk_ilmb_bram_if_cntlr_1_in_context.xdc] for cell 'hwBlk_i/microblaze_0_local_memory/ilmb_bram_if_cntlr'
Parsing XDC File [/home/becario/ethernet/proj/microBase/microBase.srcs/sources_1/bd/hwBlk/ip/hwBlk_lmb_bram_1/hwBlk_lmb_bram_1/hwBlk_lmb_bram_1_in_context.xdc] for cell 'hwBlk_i/microblaze_0_local_memory/lmb_bram'
Finished Parsing XDC File [/home/becario/ethernet/proj/microBase/microBase.srcs/sources_1/bd/hwBlk/ip/hwBlk_lmb_bram_1/hwBlk_lmb_bram_1/hwBlk_lmb_bram_1_in_context.xdc] for cell 'hwBlk_i/microblaze_0_local_memory/lmb_bram'
Parsing XDC File [/home/becario/ethernet/proj/microBase/microBase.srcs/sources_1/bd/hwBlk/ip/hwBlk_xbar_1/hwBlk_xbar_1/hwBlk_xbar_1_in_context.xdc] for cell 'hwBlk_i/microblaze_0_axi_periph/xbar'
Finished Parsing XDC File [/home/becario/ethernet/proj/microBase/microBase.srcs/sources_1/bd/hwBlk/ip/hwBlk_xbar_1/hwBlk_xbar_1/hwBlk_xbar_1_in_context.xdc] for cell 'hwBlk_i/microblaze_0_axi_periph/xbar'
Parsing XDC File [/home/becario/ethernet/proj/microBase/microBase.srcs/sources_1/bd/hwBlk/ip/hwBlk_microblaze_0_axi_intc_1/hwBlk_microblaze_0_axi_intc_1/hwBlk_microblaze_0_axi_intc_1_in_context.xdc] for cell 'hwBlk_i/microblaze_0_axi_intc'
Finished Parsing XDC File [/home/becario/ethernet/proj/microBase/microBase.srcs/sources_1/bd/hwBlk/ip/hwBlk_microblaze_0_axi_intc_1/hwBlk_microblaze_0_axi_intc_1/hwBlk_microblaze_0_axi_intc_1_in_context.xdc] for cell 'hwBlk_i/microblaze_0_axi_intc'
Parsing XDC File [/home/becario/ethernet/proj/microBase/microBase.srcs/sources_1/bd/hwBlk/ip/hwBlk_mdm_1_1/hwBlk_mdm_1_1/hwBlk_mdm_1_1_in_context.xdc] for cell 'hwBlk_i/mdm_1'
Finished Parsing XDC File [/home/becario/ethernet/proj/microBase/microBase.srcs/sources_1/bd/hwBlk/ip/hwBlk_mdm_1_1/hwBlk_mdm_1_1/hwBlk_mdm_1_1_in_context.xdc] for cell 'hwBlk_i/mdm_1'
Parsing XDC File [/home/becario/ethernet/proj/microBase/microBase.srcs/sources_1/bd/hwBlk/ip/hwBlk_clk_wiz_1_1/hwBlk_clk_wiz_1_1/hwBlk_clk_wiz_1_1_in_context.xdc] for cell 'hwBlk_i/clk_wiz_1'
Finished Parsing XDC File [/home/becario/ethernet/proj/microBase/microBase.srcs/sources_1/bd/hwBlk/ip/hwBlk_clk_wiz_1_1/hwBlk_clk_wiz_1_1/hwBlk_clk_wiz_1_1_in_context.xdc] for cell 'hwBlk_i/clk_wiz_1'
Parsing XDC File [/home/becario/ethernet/proj/microBase/microBase.srcs/sources_1/bd/hwBlk/ip/hwBlk_rst_clk_wiz_1_100M_1/hwBlk_rst_clk_wiz_1_100M_1/hwBlk_rst_clk_wiz_1_100M_1_in_context.xdc] for cell 'hwBlk_i/rst_clk_wiz_1_100M'
Finished Parsing XDC File [/home/becario/ethernet/proj/microBase/microBase.srcs/sources_1/bd/hwBlk/ip/hwBlk_rst_clk_wiz_1_100M_1/hwBlk_rst_clk_wiz_1_100M_1/hwBlk_rst_clk_wiz_1_100M_1_in_context.xdc] for cell 'hwBlk_i/rst_clk_wiz_1_100M'
Parsing XDC File [/home/becario/ethernet/proj/microBase/microBase.runs/synth_1/dont_touch.xdc]
Finished Parsing XDC File [/home/becario/ethernet/proj/microBase/microBase.runs/synth_1/dont_touch.xdc]
Completed Processing XDC Constraints

Netlist sorting complete. Time (s): cpu = 00:00:00 ; elapsed = 00:00:00 . Memory (MB): peak = 2103.402 ; gain = 0.000 ; free physical = 11883 ; free virtual = 28688
INFO: [Project 1-111] Unisim Transformation Summary:
No Unisim elements were transformed.

Constraint Validation Runtime : Time (s): cpu = 00:00:00.06 ; elapsed = 00:00:00.01 . Memory (MB): peak = 2103.402 ; gain = 0.000 ; free physical = 11883 ; free virtual = 28688
WARNING: [Timing 38-316] Clock period '20.000' specified during out-of-context synthesis of instance 'hwBlk_i/microblaze_0_local_memory/lmb_bram' at clock pin 'clka' is different from the actual clock period '10.000', this can lead to different synthesis results.
---------------------------------------------------------------------------------
Finished Constraint Validation : Time (s): cpu = 00:00:10 ; elapsed = 00:00:12 . Memory (MB): peak = 2106.371 ; gain = 409.156 ; free physical = 11965 ; free virtual = 28770
---------------------------------------------------------------------------------
---------------------------------------------------------------------------------
Start Loading Part and Timing Information
---------------------------------------------------------------------------------
Loading part: xc7k325tffg900-2
---------------------------------------------------------------------------------
Finished Loading Part and Timing Information : Time (s): cpu = 00:00:10 ; elapsed = 00:00:12 . Memory (MB): peak = 2106.371 ; gain = 409.156 ; free physical = 11965 ; free virtual = 28770
---------------------------------------------------------------------------------
---------------------------------------------------------------------------------
Start Applying 'set_property' XDC Constraints
---------------------------------------------------------------------------------
Applied set_property IO_BUFFER_TYPE = NONE for sys_diff_clock_clk_n. (constraint file  /home/becario/ethernet/proj/microBase/microBase.srcs/sources_1/bd/hwBlk/ip/hwBlk_clk_wiz_1_1/hwBlk_clk_wiz_1_1/hwBlk_clk_wiz_1_1_in_context.xdc, line 3).
Applied set_property CLOCK_BUFFER_TYPE = NONE for sys_diff_clock_clk_n. (constraint file  /home/becario/ethernet/proj/microBase/microBase.srcs/sources_1/bd/hwBlk/ip/hwBlk_clk_wiz_1_1/hwBlk_clk_wiz_1_1/hwBlk_clk_wiz_1_1_in_context.xdc, line 4).
Applied set_property IO_BUFFER_TYPE = NONE for sys_diff_clock_clk_p. (constraint file  /home/becario/ethernet/proj/microBase/microBase.srcs/sources_1/bd/hwBlk/ip/hwBlk_clk_wiz_1_1/hwBlk_clk_wiz_1_1/hwBlk_clk_wiz_1_1_in_context.xdc, line 5).
Applied set_property CLOCK_BUFFER_TYPE = NONE for sys_diff_clock_clk_p. (constraint file  /home/becario/ethernet/proj/microBase/microBase.srcs/sources_1/bd/hwBlk/ip/hwBlk_clk_wiz_1_1/hwBlk_clk_wiz_1_1/hwBlk_clk_wiz_1_1_in_context.xdc, line 6).
Applied set_property DONT_TOUCH = true for hwBlk_i. (constraint file  auto generated constraint, line ).
Applied set_property DONT_TOUCH = true for hwBlk_i/microblaze_0. (constraint file  auto generated constraint, line ).
Applied set_property DONT_TOUCH = true for hwBlk_i/axi_timer_0. (constraint file  auto generated constraint, line ).
Applied set_property DONT_TOUCH = true for hwBlk_i/axi_uartlite_0. (constraint file  auto generated constraint, line ).
Applied set_property DONT_TOUCH = true for hwBlk_i/axi_gpio_0. (constraint file  auto generated constraint, line ).
Applied set_property DONT_TOUCH = true for hwBlk_i/vio_0. (constraint file  auto generated constraint, line ).
Applied set_property DONT_TOUCH = true for hwBlk_i/microblaze_0_local_memory/dlmb_v10. (constraint file  auto generated constraint, line ).
Applied set_property DONT_TOUCH = true for hwBlk_i/microblaze_0_local_memory/ilmb_v10. (constraint file  auto generated constraint, line ).
Applied set_property DONT_TOUCH = true for hwBlk_i/microblaze_0_local_memory/dlmb_bram_if_cntlr. (constraint file  auto generated constraint, line ).
Applied set_property DONT_TOUCH = true for hwBlk_i/microblaze_0_local_memory/ilmb_bram_if_cntlr. (constraint file  auto generated constraint, line ).
Applied set_property DONT_TOUCH = true for hwBlk_i/microblaze_0_local_memory/lmb_bram. (constraint file  auto generated constraint, line ).
Applied set_property DONT_TOUCH = true for hwBlk_i/microblaze_0_axi_periph/xbar. (constraint file  auto generated constraint, line ).
Applied set_property DONT_TOUCH = true for hwBlk_i/microblaze_0_axi_periph. (constraint file  auto generated constraint, line ).
Applied set_property DONT_TOUCH = true for hwBlk_i/microblaze_0_axi_intc. (constraint file  auto generated constraint, line ).
Applied set_property DONT_TOUCH = true for hwBlk_i/microblaze_0_xlconcat. (constraint file  auto generated constraint, line ).
Applied set_property DONT_TOUCH = true for hwBlk_i/mdm_1. (constraint file  auto generated constraint, line ).
Applied set_property DONT_TOUCH = true for hwBlk_i/clk_wiz_1. (constraint file  auto generated constraint, line ).
Applied set_property DONT_TOUCH = true for hwBlk_i/rst_clk_wiz_1_100M. (constraint file  auto generated constraint, line ).
---------------------------------------------------------------------------------
Finished applying 'set_property' XDC Constraints : Time (s): cpu = 00:00:10 ; elapsed = 00:00:12 . Memory (MB): peak = 2106.371 ; gain = 409.156 ; free physical = 11965 ; free virtual = 28770
---------------------------------------------------------------------------------
---------------------------------------------------------------------------------
Finished RTL Optimization Phase 2 : Time (s): cpu = 00:00:10 ; elapsed = 00:00:12 . Memory (MB): peak = 2106.371 ; gain = 409.156 ; free physical = 11967 ; free virtual = 28772
---------------------------------------------------------------------------------

Report RTL Partitions: 
+-+--------------+------------+----------+
| |RTL Partition |Replication |Instances |
+-+--------------+------------+----------+
+-+--------------+------------+----------+
---------------------------------------------------------------------------------
Start RTL Component Statistics 
---------------------------------------------------------------------------------
Detailed RTL Component Info : 
---------------------------------------------------------------------------------
Finished RTL Component Statistics 
---------------------------------------------------------------------------------
---------------------------------------------------------------------------------
Start RTL Hierarchical Component Statistics 
---------------------------------------------------------------------------------
Hierarchical RTL Component report 
---------------------------------------------------------------------------------
Finished RTL Hierarchical Component Statistics
---------------------------------------------------------------------------------
---------------------------------------------------------------------------------
Start Part Resource Summary
---------------------------------------------------------------------------------
Part Resources:
DSPs: 840 (col length:140)
BRAMs: 890 (col length: RAMB18 140 RAMB36 70)
---------------------------------------------------------------------------------
Finished Part Resource Summary
---------------------------------------------------------------------------------
---------------------------------------------------------------------------------
Start Cross Boundary and Area Optimization
---------------------------------------------------------------------------------
Warning: Parallel synthesis criteria is not met 
WARNING: [Synth 8-3331] design hwBlk_microblaze_0_axi_periph_1 has unconnected port M00_ACLK
WARNING: [Synth 8-3331] design hwBlk_microblaze_0_axi_periph_1 has unconnected port M00_ARESETN
WARNING: [Synth 8-3331] design hwBlk_microblaze_0_axi_periph_1 has unconnected port M01_ACLK
WARNING: [Synth 8-3331] design hwBlk_microblaze_0_axi_periph_1 has unconnected port M01_ARESETN
WARNING: [Synth 8-3331] design hwBlk_microblaze_0_axi_periph_1 has unconnected port M02_ACLK
WARNING: [Synth 8-3331] design hwBlk_microblaze_0_axi_periph_1 has unconnected port M02_ARESETN
WARNING: [Synth 8-3331] design hwBlk_microblaze_0_axi_periph_1 has unconnected port M03_ACLK
WARNING: [Synth 8-3331] design hwBlk_microblaze_0_axi_periph_1 has unconnected port M03_ARESETN
WARNING: [Synth 8-3331] design hwBlk_microblaze_0_axi_periph_1 has unconnected port S00_ACLK
WARNING: [Synth 8-3331] design hwBlk_microblaze_0_axi_periph_1 has unconnected port S00_ARESETN
---------------------------------------------------------------------------------
Finished Cross Boundary and Area Optimization : Time (s): cpu = 00:00:10 ; elapsed = 00:00:13 . Memory (MB): peak = 2106.371 ; gain = 409.156 ; free physical = 11953 ; free virtual = 28762
---------------------------------------------------------------------------------

Report RTL Partitions: 
+-+--------------+------------+----------+
| |RTL Partition |Replication |Instances |
+-+--------------+------------+----------+
+-+--------------+------------+----------+
---------------------------------------------------------------------------------
Start Applying XDC Timing Constraints
---------------------------------------------------------------------------------
---------------------------------------------------------------------------------
Finished Applying XDC Timing Constraints : Time (s): cpu = 00:00:16 ; elapsed = 00:00:19 . Memory (MB): peak = 2106.371 ; gain = 409.156 ; free physical = 11844 ; free virtual = 28653
---------------------------------------------------------------------------------
---------------------------------------------------------------------------------
Start Timing Optimization
---------------------------------------------------------------------------------
---------------------------------------------------------------------------------
Finished Timing Optimization : Time (s): cpu = 00:00:16 ; elapsed = 00:00:19 . Memory (MB): peak = 2106.371 ; gain = 409.156 ; free physical = 11844 ; free virtual = 28652
---------------------------------------------------------------------------------

Report RTL Partitions: 
+-+--------------+------------+----------+
| |RTL Partition |Replication |Instances |
+-+--------------+------------+----------+
+-+--------------+------------+----------+
---------------------------------------------------------------------------------
Start Technology Mapping
---------------------------------------------------------------------------------
---------------------------------------------------------------------------------
Finished Technology Mapping : Time (s): cpu = 00:00:16 ; elapsed = 00:00:19 . Memory (MB): peak = 2106.371 ; gain = 409.156 ; free physical = 11842 ; free virtual = 28651
---------------------------------------------------------------------------------

Report RTL Partitions: 
+-+--------------+------------+----------+
| |RTL Partition |Replication |Instances |
+-+--------------+------------+----------+
+-+--------------+------------+----------+
---------------------------------------------------------------------------------
Start IO Insertion
---------------------------------------------------------------------------------
---------------------------------------------------------------------------------
Start Flattening Before IO Insertion
---------------------------------------------------------------------------------
---------------------------------------------------------------------------------
Finished Flattening Before IO Insertion
---------------------------------------------------------------------------------
---------------------------------------------------------------------------------
Start Final Netlist Cleanup
---------------------------------------------------------------------------------
---------------------------------------------------------------------------------
Finished Final Netlist Cleanup
---------------------------------------------------------------------------------
---------------------------------------------------------------------------------
Finished IO Insertion : Time (s): cpu = 00:00:18 ; elapsed = 00:00:21 . Memory (MB): peak = 2106.371 ; gain = 409.156 ; free physical = 11844 ; free virtual = 28652
---------------------------------------------------------------------------------
---------------------------------------------------------------------------------
Start Renaming Generated Instances
---------------------------------------------------------------------------------
---------------------------------------------------------------------------------
Finished Renaming Generated Instances : Time (s): cpu = 00:00:18 ; elapsed = 00:00:21 . Memory (MB): peak = 2106.371 ; gain = 409.156 ; free physical = 11844 ; free virtual = 28652
---------------------------------------------------------------------------------

Report RTL Partitions: 
+-+--------------+------------+----------+
| |RTL Partition |Replication |Instances |
+-+--------------+------------+----------+
+-+--------------+------------+----------+

Report Check Netlist: 
+------+------------------+-------+---------+-------+------------------+
|      |Item              |Errors |Warnings |Status |Description       |
+------+------------------+-------+---------+-------+------------------+
|1     |multi_driven_nets |      0|        0|Passed |Multi driven nets |
+------+------------------+-------+---------+-------+------------------+
---------------------------------------------------------------------------------
Start Rebuilding User Hierarchy
---------------------------------------------------------------------------------
---------------------------------------------------------------------------------
Finished Rebuilding User Hierarchy : Time (s): cpu = 00:00:18 ; elapsed = 00:00:22 . Memory (MB): peak = 2106.371 ; gain = 409.156 ; free physical = 11844 ; free virtual = 28652
---------------------------------------------------------------------------------
---------------------------------------------------------------------------------
Start Renaming Generated Ports
---------------------------------------------------------------------------------
---------------------------------------------------------------------------------
Finished Renaming Generated Ports : Time (s): cpu = 00:00:18 ; elapsed = 00:00:22 . Memory (MB): peak = 2106.371 ; gain = 409.156 ; free physical = 11844 ; free virtual = 28652
---------------------------------------------------------------------------------
---------------------------------------------------------------------------------
Start Handling Custom Attributes
---------------------------------------------------------------------------------
---------------------------------------------------------------------------------
Finished Handling Custom Attributes : Time (s): cpu = 00:00:18 ; elapsed = 00:00:22 . Memory (MB): peak = 2106.371 ; gain = 409.156 ; free physical = 11844 ; free virtual = 28652
---------------------------------------------------------------------------------
---------------------------------------------------------------------------------
Start Renaming Generated Nets
---------------------------------------------------------------------------------
---------------------------------------------------------------------------------
Finished Renaming Generated Nets : Time (s): cpu = 00:00:18 ; elapsed = 00:00:22 . Memory (MB): peak = 2106.371 ; gain = 409.156 ; free physical = 11844 ; free virtual = 28652
---------------------------------------------------------------------------------
---------------------------------------------------------------------------------
Start Writing Synthesis Report
---------------------------------------------------------------------------------

Report BlackBoxes: 
+------+------------------------------+----------+
|      |BlackBox name                 |Instances |
+------+------------------------------+----------+
|1     |hwBlk_xbar_1                  |         1|
|2     |hwBlk_axi_gpio_0_1            |         1|
|3     |hwBlk_axi_timer_0_0           |         1|
|4     |hwBlk_axi_uartlite_0_1        |         1|
|5     |hwBlk_clk_wiz_1_1             |         1|
|6     |hwBlk_mdm_1_1                 |         1|
|7     |hwBlk_microblaze_0_0          |         1|
|8     |hwBlk_microblaze_0_axi_intc_1 |         1|
|9     |hwBlk_rst_clk_wiz_1_100M_1    |         1|
|10    |hwBlk_vio_0_1                 |         1|
|11    |hwBlk_dlmb_bram_if_cntlr_1    |         1|
|12    |hwBlk_dlmb_v10_1              |         1|
|13    |hwBlk_ilmb_bram_if_cntlr_1    |         1|
|14    |hwBlk_ilmb_v10_1              |         1|
|15    |hwBlk_lmb_bram_1              |         1|
+------+------------------------------+----------+

Report Cell Usage: 
+------+------------------------------+------+
|      |Cell                          |Count |
+------+------------------------------+------+
|1     |hwBlk_axi_gpio_0_1            |     1|
|2     |hwBlk_axi_timer_0_0           |     1|
|3     |hwBlk_axi_uartlite_0_1        |     1|
|4     |hwBlk_clk_wiz_1_1             |     1|
|5     |hwBlk_dlmb_bram_if_cntlr_1    |     1|
|6     |hwBlk_dlmb_v10_1              |     1|
|7     |hwBlk_ilmb_bram_if_cntlr_1    |     1|
|8     |hwBlk_ilmb_v10_1              |     1|
|9     |hwBlk_lmb_bram_1              |     1|
|10    |hwBlk_mdm_1_1                 |     1|
|11    |hwBlk_microblaze_0_0          |     1|
|12    |hwBlk_microblaze_0_axi_intc_1 |     1|
|13    |hwBlk_rst_clk_wiz_1_100M_1    |     1|
|14    |hwBlk_vio_0_1                 |     1|
|15    |hwBlk_xbar_1                  |     1|
|16    |IBUF                          |     2|
|17    |OBUF                          |     1|
+------+------------------------------+------+

Report Instance Areas: 
+------+------------------------------+--------------------------------------+------+
|      |Instance                      |Module                                |Cells |
+------+------------------------------+--------------------------------------+------+
|1     |top                           |                                      |  1526|
|2     |  hwBlk_i                     |hwBlk                                 |  1523|
|3     |    microblaze_0_axi_periph   |hwBlk_microblaze_0_axi_periph_1       |   485|
|4     |    microblaze_0_xlconcat     |hwBlk_microblaze_0_xlconcat_1         |     0|
|5     |    microblaze_0_local_memory |microblaze_0_local_memory_imp_1VLV5F3 |   496|
+------+------------------------------+--------------------------------------+------+
---------------------------------------------------------------------------------
Finished Writing Synthesis Report : Time (s): cpu = 00:00:18 ; elapsed = 00:00:22 . Memory (MB): peak = 2106.371 ; gain = 409.156 ; free physical = 11844 ; free virtual = 28652
---------------------------------------------------------------------------------
Synthesis finished with 0 errors, 0 critical warnings and 10 warnings.
Synthesis Optimization Runtime : Time (s): cpu = 00:00:16 ; elapsed = 00:00:19 . Memory (MB): peak = 2106.371 ; gain = 267.438 ; free physical = 11898 ; free virtual = 28707
Synthesis Optimization Complete : Time (s): cpu = 00:00:18 ; elapsed = 00:00:22 . Memory (MB): peak = 2106.371 ; gain = 409.156 ; free physical = 11898 ; free virtual = 28707
INFO: [Project 1-571] Translating synthesized netlist
Netlist sorting complete. Time (s): cpu = 00:00:00.01 ; elapsed = 00:00:00.01 . Memory (MB): peak = 2106.371 ; gain = 0.000 ; free physical = 11966 ; free virtual = 28775
INFO: [Project 1-570] Preparing netlist for logic optimization
INFO: [Opt 31-138] Pushed 0 inverter(s) to 0 load pin(s).
Netlist sorting complete. Time (s): cpu = 00:00:00 ; elapsed = 00:00:00 . Memory (MB): peak = 2106.371 ; gain = 0.000 ; free physical = 11902 ; free virtual = 28711
INFO: [Project 1-111] Unisim Transformation Summary:
No Unisim elements were transformed.

INFO: [Common 17-83] Releasing license: Synthesis
66 Infos, 77 Warnings, 0 Critical Warnings and 0 Errors encountered.
synth_design completed successfully
synth_design: Time (s): cpu = 00:00:25 ; elapsed = 00:00:31 . Memory (MB): peak = 2106.371 ; gain = 668.074 ; free physical = 12026 ; free virtual = 28835
Netlist sorting complete. Time (s): cpu = 00:00:00 ; elapsed = 00:00:00 . Memory (MB): peak = 2106.371 ; gain = 0.000 ; free physical = 12026 ; free virtual = 28835
WARNING: [Constraints 18-5210] No constraints selected for write.
Resolution: This message can indicate that there are no constraints for the design, or it can indicate that the used_in flags are set such that the constraints are ignored. This later case is used when running synth_design to not write synthesis constraints to the resulting checkpoint. Instead, project constraints are read when the synthesized design is opened.
INFO: [Common 17-1381] The checkpoint '/home/becario/ethernet/proj/microBase/microBase.runs/synth_1/hwBlk_wrapper.dcp' has been generated.
INFO: [runtcl-4] Executing : report_utilization -file hwBlk_wrapper_utilization_synth.rpt -pb hwBlk_wrapper_utilization_synth.pb
INFO: [Common 17-206] Exiting Vivado at Wed Feb  3 13:02:58 2021...
